2012/08/17 21:19:05 :: ---------------------------
2012/08/17 21:19:05 :: wicd initializing...
2012/08/17 21:19:05 :: ---------------------------
2012/08/17 21:19:05 :: wicd is version 1.7.2.4 768
2012/08/17 21:19:05 :: did not find backend in configuration, setting default external
2012/08/17 21:19:05 :: setting backend to external
2012/08/17 21:19:05 :: trying to load backend external
2012/08/17 21:19:05 :: successfully loaded backend external
2012/08/17 21:19:06 :: trying to load backend external
2012/08/17 21:19:06 :: successfully loaded backend external
2012/08/17 21:19:06 :: Couldn't detect a wireless interface.
2012/08/17 21:19:06 :: did not find wireless_interface in configuration, setting default None
2012/08/17 21:19:06 :: setting wireless interface None
2012/08/17 21:19:06 :: automatically detected wired interface eth0
2012/08/17 21:19:06 :: did not find wired_interface in configuration, setting default eth0
2012/08/17 21:19:06 :: setting wired interface eth0
2012/08/17 21:19:06 :: did not find wpa_driver in configuration, setting default wext
2012/08/17 21:19:06 :: setting wpa driver wext
2012/08/17 21:19:06 :: did not find always_show_wired_interface in configuration, setting default False
2012/08/17 21:19:06 :: did not find use_global_dns in configuration, setting default False
2012/08/17 21:19:06 :: setting use global dns to False
2012/08/17 21:19:06 :: did not find global_dns_1 in configuration, setting default None
2012/08/17 21:19:06 :: did not find global_dns_2 in configuration, setting default None
2012/08/17 21:19:06 :: did not find global_dns_3 in configuration, setting default None
2012/08/17 21:19:06 :: did not find global_dns_dom in configuration, setting default None
2012/08/17 21:19:06 :: did not find global_search_dom in configuration, setting default None
2012/08/17 21:19:06 :: setting global dns
2012/08/17 21:19:06 :: global dns servers are None None None
2012/08/17 21:19:06 :: domain is None
2012/08/17 21:19:06 :: search domain is None
2012/08/17 21:19:06 :: did not find auto_reconnect in configuration, setting default True
2012/08/17 21:19:06 :: setting automatically reconnect when connection drops True
2012/08/17 21:19:06 :: did not find debug_mode in configuration, setting default False
2012/08/17 21:19:06 :: did not find wired_connect_mode in configuration, setting default 1
2012/08/17 21:19:07 :: did not find signal_display_type in configuration, setting default 0
2012/08/17 21:19:07 :: did not find should_verify_ap in configuration, setting default 1
2012/08/17 21:19:07 :: did not find dhcp_client in configuration, setting default 0
2012/08/17 21:19:07 :: Setting dhcp client to 0
2012/08/17 21:19:07 :: did not find link_detect_tool in configuration, setting default 0
2012/08/17 21:19:07 :: did not find flush_tool in configuration, setting default 0
2012/08/17 21:19:07 :: did not find sudo_app in configuration, setting default 0
2012/08/17 21:19:08 :: did not find prefer_wired in configuration, setting default False
2012/08/17 21:19:08 :: did not find show_never_connect in configuration, setting default True
2012/08/17 21:19:08 :: Wireless configuration file not found, creating...
2012/08/17 21:19:08 :: Wired configuration file not found, creating a default...
2012/08/17 21:19:08 :: Creating wired profile for wired-default
2012/08/17 21:19:08 :: dhclient.conf.template not found, copying...
2012/08/17 21:19:08 :: chmoding configuration files 0600...
2012/08/17 21:19:08 :: chowning configuration files root:root...
2012/08/17 21:19:08 :: Using wireless interface...
2012/08/17 21:19:08 :: Using wired interface...eth0
2012/08/17 21:24:50 :: trying to load backend ioctl
2012/08/17 21:24:50 :: WARNING: python-iwscan not found, falling back to using iwlist scan.
2012/08/17 21:24:50 :: WARNING: python-wpactrl not found, falling back to using wpa_cli.
2012/08/17 21:24:50 :: trying to load backend external
2012/08/17 21:36:28 :: Daemon going down, killing wicd-monitor...
2012/08/17 21:36:28 :: Removing PID file...
2012/08/17 21:36:28 :: Shutting down...
2012/08/17 21:36:28 :: Exception KeyError: KeyError(1075478528,) in <module 'threading' from '/usr/lib/python2.7/threading.py'> ignored
2012/08/17 21:36:52 :: ---------------------------
2012/08/17 21:36:52 :: wicd initializing...
2012/08/17 21:36:52 :: ---------------------------
2012/08/17 21:36:52 :: wicd is version 1.7.2.4 768
2012/08/17 21:36:53 :: setting backend to external
2012/08/17 21:37:44 :: trying to load backend external
2012/08/17 21:37:44 :: successfully loaded backend external
2012/08/17 21:37:44 :: trying to load backend external
2012/08/17 21:37:44 :: successfully loaded backend external
2012/08/17 21:37:44 :: Couldn't detect a wireless interface.
2012/08/17 21:37:44 :: setting wireless interface None
2012/08/17 21:37:44 :: automatically detected wired interface eth0
2012/08/17 21:37:44 :: setting wired interface eth0
2012/08/17 21:37:44 :: setting wpa driver wext
2012/08/17 21:37:44 :: setting use global dns to False
2012/08/17 21:37:44 :: setting global dns
2012/08/17 21:37:44 :: global dns servers are None None None
2012/08/17 21:37:44 :: domain is None
2012/08/17 21:37:44 :: search domain is None
2012/08/17 21:37:44 :: setting automatically reconnect when connection drops True
2012/08/17 21:37:44 :: Setting dhcp client to 0
2012/08/17 21:37:44 :: Wireless configuration file found...
2012/08/17 21:37:44 :: Wired configuration file found...
2012/08/17 21:37:44 :: chmoding configuration files 0600...
2012/08/17 21:37:44 :: chowning configuration files root:root...
2012/08/17 21:37:44 :: Using wireless interface...
2012/08/17 21:37:44 :: Using wired interface...eth0
2012/08/17 21:38:52 :: Daemon going down, killing wicd-monitor...
2012/08/17 21:38:52 :: Removing PID file...
2012/08/17 21:38:52 :: Shutting down...
2012/08/17 21:38:52 :: Exception KeyError: KeyError(1075404800,) in <module 'threading' from '/usr/lib/python2.7/threading.pyo'> ignored
2012/08/19 07:06:41 :: ---------------------------
2012/08/19 07:06:41 :: wicd initializing...
2012/08/19 07:06:41 :: ---------------------------
2012/08/19 07:06:41 :: wicd is version 1.7.2.4 768
2012/08/19 07:06:41 :: setting backend to external
2012/08/19 07:06:42 :: trying to load backend external
2012/08/19 07:06:42 :: successfully loaded backend external
2012/08/19 07:06:42 :: trying to load backend external
2012/08/19 07:06:42 :: successfully loaded backend external
2012/08/19 07:06:42 :: Couldn't detect a wireless interface.
2012/08/19 07:06:42 :: setting wireless interface None
2012/08/19 07:06:42 :: automatically detected wired interface eth0
2012/08/19 07:06:42 :: setting wired interface eth0
2012/08/19 07:06:42 :: setting wpa driver wext
2012/08/19 07:06:42 :: setting use global dns to False
2012/08/19 07:06:42 :: setting global dns
2012/08/19 07:06:42 :: global dns servers are None None None
2012/08/19 07:06:42 :: domain is None
2012/08/19 07:06:42 :: search domain is None
2012/08/19 07:06:42 :: setting automatically reconnect when connection drops True
2012/08/19 07:06:42 :: Setting dhcp client to 0
2012/08/19 07:06:42 :: Wireless configuration file found...
2012/08/19 07:06:42 :: Wired configuration file found...
2012/08/19 07:06:42 :: chmoding configuration files 0600...
2012/08/19 07:06:42 :: chowning configuration files root:root...
2012/08/19 07:06:42 :: Using wireless interface...
2012/08/19 07:06:42 :: Using wired interface...eth0
2012/08/19 07:07:44 :: Autoconnecting...
2012/08/19 07:07:44 :: attempting to set hostname with dhclient
2012/08/19 07:07:44 :: using dhcpcd or another supported client may work better
2012/08/19 07:07:45 :: Attempting to autoconnect with wired interface...
2012/08/19 07:07:45 :: Putting interface down
2012/08/19 07:07:45 :: Releasing DHCP leases...
2012/08/19 07:07:45 :: attempting to set hostname with dhclient
2012/08/19 07:07:45 :: using dhcpcd or another supported client may work better
2012/08/19 07:07:45 :: Setting false IP...
2012/08/19 07:07:45 :: Stopping wpa_supplicant
2012/08/19 07:07:45 :: Flushing the routing table...
2012/08/19 07:07:45 :: Putting interface up...
2012/08/19 07:07:47 :: attempting to set hostname with dhclient
2012/08/19 07:07:47 :: using dhcpcd or another supported client may work better
2012/08/19 07:07:47 :: Running DHCP with hostname rpitc
2012/08/19 07:07:47 :: attempting to set hostname with dhclient
2012/08/19 07:07:47 :: using dhcpcd or another supported client may work better
2012/08/19 07:07:47 :: Internet Systems Consortium DHCP Client 4.2.2
2012/08/19 07:07:47 :: Copyright 2004-2011 Internet Systems Consortium.
2012/08/19 07:07:47 :: All rights reserved.
2012/08/19 07:07:47 :: For info, please visit https://www.isc.org/software/dhcp/
2012/08/19 07:07:47 :: 
2012/08/19 07:07:47 :: Listening on LPF/eth0/b8:27:eb:c2:49:ab
2012/08/19 07:07:47 :: Sending on   LPF/eth0/b8:27:eb:c2:49:ab
2012/08/19 07:07:47 :: Sending on   Socket/fallback
2012/08/19 07:07:47 :: DHCPDISCOVER on eth0 to 255.255.255.255 port 67 interval 7
2012/08/19 07:07:54 :: DHCPDISCOVER on eth0 to 255.255.255.255 port 67 interval 10
2012/08/19 07:07:54 :: DHCPREQUEST on eth0 to 255.255.255.255 port 67
2012/08/19 07:07:54 :: DHCPOFFER from 192.168.0.234
2012/08/19 07:07:54 :: DHCPACK from 192.168.0.234
2012/08/19 07:07:54 :: RTNETLINK answers: File exists
2012/08/19 07:07:56 :: bound to 192.168.0.101 -- renewal in 157141767 seconds.
2012/08/19 07:07:56 :: DHCP connection successful
2012/08/19 07:07:56 :: Connecting thread exiting.
2012/08/19 07:07:57 :: Sending connection attempt result success
2012/08/19 07:08:20 :: Daemon going down, killing wicd-monitor...
2012/08/19 07:08:20 :: Removing PID file...
2012/08/19 07:08:20 :: Shutting down...
2012/08/19 07:08:20 :: Exception KeyError: KeyError(1074974720,) in <module 'threading' from '/usr/lib/python2.7/threading.pyo'> ignored
2012/08/19 07:08:36 :: ---------------------------
2012/08/19 07:08:36 :: wicd initializing...
2012/08/19 07:08:36 :: ---------------------------
2012/08/19 07:08:36 :: wicd is version 1.7.2.4 768
2012/08/19 07:08:37 :: setting backend to external
2012/08/19 07:08:37 :: trying to load backend external
2012/08/19 07:08:37 :: successfully loaded backend external
2012/08/19 07:08:37 :: trying to load backend external
2012/08/19 07:08:37 :: successfully loaded backend external
2012/08/19 07:08:37 :: Couldn't detect a wireless interface.
2012/08/19 07:08:37 :: setting wireless interface None
2012/08/19 07:08:37 :: automatically detected wired interface eth0
2012/08/19 07:08:37 :: setting wired interface eth0
2012/08/19 07:08:37 :: setting wpa driver wext
2012/08/19 07:08:37 :: setting use global dns to False
2012/08/19 07:08:37 :: setting global dns
2012/08/19 07:08:37 :: global dns servers are None None None
2012/08/19 07:08:37 :: domain is None
2012/08/19 07:08:37 :: search domain is None
2012/08/19 07:08:37 :: setting automatically reconnect when connection drops True
2012/08/19 07:08:37 :: Setting dhcp client to 0
2012/08/19 07:08:38 :: Wireless configuration file found...
2012/08/19 07:08:38 :: Wired configuration file found...
2012/08/19 07:08:38 :: chmoding configuration files 0600...
2012/08/19 07:08:38 :: chowning configuration files root:root...
2012/08/19 07:08:38 :: Using wireless interface...
2012/08/19 07:08:38 :: Using wired interface...eth0
2012/08/19 07:08:45 :: Autoconnecting...
2012/08/19 07:08:53 :: attempting to set hostname with dhclient
2012/08/19 07:08:53 :: using dhcpcd or another supported client may work better
2012/08/19 07:08:53 :: Attempting to autoconnect with wired interface...
2012/08/19 07:08:54 :: Putting interface down
2012/08/19 07:08:54 :: Releasing DHCP leases...
2012/08/19 07:08:54 :: attempting to set hostname with dhclient
2012/08/19 07:08:54 :: using dhcpcd or another supported client may work better
2012/08/19 07:08:54 :: Setting false IP...
2012/08/19 07:08:54 :: Stopping wpa_supplicant
2012/08/19 07:08:54 :: Flushing the routing table...
2012/08/19 07:08:54 :: Putting interface up...
2012/08/19 07:08:56 :: Running DHCP with hostname rpitc
2012/08/19 07:08:56 :: attempting to set hostname with dhclient
2012/08/19 07:08:56 :: using dhcpcd or another supported client may work better
2012/08/19 07:08:56 :: Internet Systems Consortium DHCP Client 4.2.2
2012/08/19 07:08:56 :: Copyright 2004-2011 Internet Systems Consortium.
2012/08/19 07:08:56 :: All rights reserved.
2012/08/19 07:08:56 :: For info, please visit https://www.isc.org/software/dhcp/
2012/08/19 07:08:56 :: 
2012/08/19 07:08:56 :: Listening on LPF/eth0/b8:27:eb:c2:49:ab
2012/08/19 07:08:56 :: Sending on   LPF/eth0/b8:27:eb:c2:49:ab
2012/08/19 07:08:56 :: Sending on   Socket/fallback
2012/08/19 07:08:56 :: DHCPDISCOVER on eth0 to 255.255.255.255 port 67 interval 8
2012/08/19 07:08:56 :: DHCPREQUEST on eth0 to 255.255.255.255 port 67
2012/08/19 07:08:56 :: DHCPOFFER from 192.168.0.234
2012/08/19 07:08:56 :: DHCPACK from 192.168.0.234
2012/08/19 07:08:56 :: bound to 192.168.0.101 -- renewal in 152748450 seconds.
2012/08/19 07:08:56 :: DHCP connection successful
2012/08/19 07:08:57 :: Connecting thread exiting.
2012/08/19 07:09:01 :: Sending connection attempt result success
2012/08/19 07:24:07 :: trying to load backend ioctl
2012/08/19 07:24:07 :: WARNING: python-iwscan not found, falling back to using iwlist scan.
2012/08/19 07:24:07 :: WARNING: python-wpactrl not found, falling back to using wpa_cli.
2012/08/19 07:24:07 :: trying to load backend external
2012/08/19 07:43:11 :: Daemon going down, killing wicd-monitor...
2012/08/19 07:43:11 :: Removing PID file...
2012/08/19 07:43:11 :: Shutting down...
2012/08/19 07:43:11 :: Exception KeyError: KeyError(1074675712,) in <module 'threading' from '/usr/lib/python2.7/threading.pyo'> ignored
2012/08/19 07:43:27 :: ---------------------------
2012/08/19 07:43:28 :: wicd initializing...
2012/08/19 07:43:28 :: ---------------------------
2012/08/19 07:43:28 :: wicd is version 1.7.2.4 768
2012/08/19 07:43:28 :: setting backend to external
2012/08/19 07:43:28 :: trying to load backend external
2012/08/19 07:43:29 :: successfully loaded backend external
2012/08/19 07:43:29 :: trying to load backend external
2012/08/19 07:43:29 :: successfully loaded backend external
2012/08/19 07:43:29 :: Couldn't detect a wireless interface.
2012/08/19 07:43:29 :: setting wireless interface None
2012/08/19 07:43:29 :: automatically detected wired interface eth0
2012/08/19 07:43:29 :: setting wired interface eth0
2012/08/19 07:43:30 :: setting wpa driver wext
2012/08/19 07:43:30 :: setting use global dns to False
2012/08/19 07:43:30 :: setting global dns
2012/08/19 07:43:30 :: global dns servers are None None None
2012/08/19 07:43:30 :: domain is None
2012/08/19 07:43:30 :: search domain is None
2012/08/19 07:43:30 :: setting automatically reconnect when connection drops True
2012/08/19 07:43:30 :: Setting dhcp client to 0
2012/08/19 07:43:30 :: Wireless configuration file found...
2012/08/19 07:43:30 :: Wired configuration file found...
2012/08/19 07:43:30 :: chmoding configuration files 0600...
2012/08/19 07:43:30 :: chowning configuration files root:root...
2012/08/19 07:43:30 :: Using wireless interface...
2012/08/19 07:43:30 :: Using wired interface...eth0
2012/08/19 07:43:37 :: Autoconnecting...
2012/08/19 07:43:45 :: attempting to set hostname with dhclient
2012/08/19 07:43:45 :: using dhcpcd or another supported client may work better
2012/08/19 07:43:46 :: Attempting to autoconnect with wired interface...
2012/08/19 07:43:46 :: Putting interface down
2012/08/19 07:43:47 :: Releasing DHCP leases...
2012/08/19 07:43:47 :: attempting to set hostname with dhclient
2012/08/19 07:43:47 :: using dhcpcd or another supported client may work better
2012/08/19 07:43:47 :: Setting false IP...
2012/08/19 07:43:47 :: Stopping wpa_supplicant
2012/08/19 07:43:47 :: Flushing the routing table...
2012/08/19 07:43:47 :: Putting interface up...
2012/08/19 07:43:49 :: Running DHCP with hostname rpitc
2012/08/19 07:43:49 :: attempting to set hostname with dhclient
2012/08/19 07:43:49 :: using dhcpcd or another supported client may work better
2012/08/19 07:43:49 :: Internet Systems Consortium DHCP Client 4.2.2
2012/08/19 07:43:49 :: Copyright 2004-2011 Internet Systems Consortium.
2012/08/19 07:43:49 :: All rights reserved.
2012/08/19 07:43:49 :: For info, please visit https://www.isc.org/software/dhcp/
2012/08/19 07:43:49 :: 
2012/08/19 07:43:49 :: Listening on LPF/eth0/b8:27:eb:c2:49:ab
2012/08/19 07:43:49 :: Sending on   LPF/eth0/b8:27:eb:c2:49:ab
2012/08/19 07:43:49 :: Sending on   Socket/fallback
2012/08/19 07:43:49 :: DHCPDISCOVER on eth0 to 255.255.255.255 port 67 interval 7
2012/08/19 07:43:49 :: DHCPREQUEST on eth0 to 255.255.255.255 port 67
2012/08/19 07:43:49 :: DHCPOFFER from 192.168.0.234
2012/08/19 07:43:49 :: DHCPACK from 192.168.0.234
2012/08/19 07:43:50 :: bound to 192.168.0.101 -- renewal in 127098309 seconds.
2012/08/19 07:43:50 :: DHCP connection successful
2012/08/19 07:43:50 :: Connecting thread exiting.
2012/08/19 07:43:53 :: Sending connection attempt result success
2012/08/19 08:03:32 :: Daemon going down, killing wicd-monitor...
2012/08/19 08:03:32 :: Removing PID file...
2012/08/19 08:03:32 :: Shutting down...
2012/08/19 08:03:32 :: Exception KeyError: KeyError(1073913856,) in <module 'threading' from '/usr/lib/python2.7/threading.pyo'> ignored
2012/08/19 08:03:49 :: ---------------------------
2012/08/19 08:03:50 :: wicd initializing...
2012/08/19 08:03:50 :: ---------------------------
2012/08/19 08:03:50 :: wicd is version 1.7.2.4 768
2012/08/19 08:03:50 :: setting backend to external
2012/08/19 08:03:50 :: trying to load backend external
2012/08/19 08:03:51 :: successfully loaded backend external
2012/08/19 08:03:51 :: trying to load backend external
2012/08/19 08:03:51 :: successfully loaded backend external
2012/08/19 08:03:51 :: Couldn't detect a wireless interface.
2012/08/19 08:03:51 :: setting wireless interface None
2012/08/19 08:03:51 :: automatically detected wired interface eth0
2012/08/19 08:03:51 :: setting wired interface eth0
2012/08/19 08:03:51 :: setting wpa driver wext
2012/08/19 08:03:51 :: setting use global dns to False
2012/08/19 08:03:51 :: setting global dns
2012/08/19 08:03:51 :: global dns servers are None None None
2012/08/19 08:03:51 :: domain is None
2012/08/19 08:03:51 :: search domain is None
2012/08/19 08:03:51 :: setting automatically reconnect when connection drops True
2012/08/19 08:03:51 :: Setting dhcp client to 0
2012/08/19 08:03:51 :: Wireless configuration file found...
2012/08/19 08:03:51 :: Wired configuration file found...
2012/08/19 08:03:51 :: chmoding configuration files 0600...
2012/08/19 08:03:51 :: chowning configuration files root:root...
2012/08/19 08:03:51 :: Using wireless interface...
2012/08/19 08:03:51 :: Using wired interface...eth0
2012/08/19 08:03:58 :: Autoconnecting...
2012/08/19 08:04:08 :: attempting to set hostname with dhclient
2012/08/19 08:04:08 :: using dhcpcd or another supported client may work better
2012/08/19 08:04:08 :: Attempting to autoconnect with wired interface...
2012/08/19 08:04:09 :: Putting interface down
2012/08/19 08:04:09 :: Releasing DHCP leases...
2012/08/19 08:04:09 :: attempting to set hostname with dhclient
2012/08/19 08:04:09 :: using dhcpcd or another supported client may work better
2012/08/19 08:04:09 :: Setting false IP...
2012/08/19 08:04:09 :: Stopping wpa_supplicant
2012/08/19 08:04:09 :: Flushing the routing table...
2012/08/19 08:04:09 :: Putting interface up...
2012/08/19 08:04:11 :: Running DHCP with hostname rpitc
2012/08/19 08:04:11 :: attempting to set hostname with dhclient
2012/08/19 08:04:11 :: using dhcpcd or another supported client may work better
2012/08/19 08:04:11 :: Internet Systems Consortium DHCP Client 4.2.2
2012/08/19 08:04:11 :: Copyright 2004-2011 Internet Systems Consortium.
2012/08/19 08:04:11 :: All rights reserved.
2012/08/19 08:04:11 :: For info, please visit https://www.isc.org/software/dhcp/
2012/08/19 08:04:11 :: 
2012/08/19 08:04:11 :: Listening on LPF/eth0/b8:27:eb:c2:49:ab
2012/08/19 08:04:11 :: Sending on   LPF/eth0/b8:27:eb:c2:49:ab
2012/08/19 08:04:11 :: Sending on   Socket/fallback
2012/08/19 08:04:11 :: DHCPDISCOVER on eth0 to 255.255.255.255 port 67 interval 3
2012/08/19 08:04:11 :: DHCPREQUEST on eth0 to 255.255.255.255 port 67
2012/08/19 08:04:11 :: DHCPOFFER from 192.168.0.234
2012/08/19 08:04:11 :: DHCPACK from 192.168.0.234
2012/08/19 08:04:12 :: bound to 192.168.0.101 -- renewal in 146880731 seconds.
2012/08/19 08:04:12 :: DHCP connection successful
2012/08/19 08:04:12 :: Connecting thread exiting.
2012/08/19 08:04:16 :: Sending connection attempt result success
2012/08/19 13:56:05 :: Daemon going down, killing wicd-monitor...
2012/08/19 13:56:05 :: Removing PID file...
2012/08/19 13:56:05 :: Shutting down...
2012/08/19 13:56:05 :: Exception KeyError: KeyError(1074294784,) in <module 'threading' from '/usr/lib/python2.7/threading.pyo'> ignored
2012/08/19 13:56:26 :: ---------------------------
2012/08/19 13:56:26 :: wicd initializing...
2012/08/19 13:56:26 :: ---------------------------
2012/08/19 13:56:26 :: wicd is version 1.7.2.4 768
2012/08/19 13:56:26 :: setting backend to external
2012/08/19 13:56:26 :: trying to load backend external
2012/08/19 13:56:26 :: successfully loaded backend external
2012/08/19 13:56:26 :: trying to load backend external
2012/08/19 13:56:26 :: successfully loaded backend external
2012/08/19 13:56:27 :: Couldn't detect a wireless interface.
2012/08/19 13:56:27 :: setting wireless interface None
2012/08/19 13:56:27 :: automatically detected wired interface eth0
2012/08/19 13:56:27 :: setting wired interface eth0
2012/08/19 13:56:27 :: setting wpa driver wext
2012/08/19 13:56:27 :: setting use global dns to False
2012/08/19 13:56:27 :: setting global dns
2012/08/19 13:56:27 :: global dns servers are None None None
2012/08/19 13:56:27 :: domain is None
2012/08/19 13:56:27 :: search domain is None
2012/08/19 13:56:27 :: setting automatically reconnect when connection drops True
2012/08/19 13:56:30 :: Setting dhcp client to 0
2012/08/19 13:56:30 :: Wireless configuration file found...
2012/08/19 13:56:30 :: Wired configuration file found...
2012/08/19 13:56:30 :: chmoding configuration files 0600...
2012/08/19 13:56:30 :: chowning configuration files root:root...
2012/08/19 13:56:30 :: Using wireless interface...
2012/08/19 13:56:30 :: Using wired interface...eth0
2012/08/19 13:56:42 :: Autoconnecting...
2012/08/19 13:56:44 :: attempting to set hostname with dhclient
2012/08/19 13:56:44 :: using dhcpcd or another supported client may work better
2012/08/19 13:56:46 :: Attempting to autoconnect with wired interface...
2012/08/19 13:56:46 :: Putting interface down
2012/08/19 13:56:46 :: Releasing DHCP leases...
2012/08/19 13:56:46 :: attempting to set hostname with dhclient
2012/08/19 13:56:46 :: using dhcpcd or another supported client may work better
2012/08/19 13:56:46 :: Setting false IP...
2012/08/19 13:56:46 :: Stopping wpa_supplicant
2012/08/19 13:56:46 :: Flushing the routing table...
2012/08/19 13:56:46 :: Putting interface up...
2012/08/19 13:56:48 :: Running DHCP with hostname rpitc
2012/08/19 13:56:48 :: attempting to set hostname with dhclient
2012/08/19 13:56:48 :: using dhcpcd or another supported client may work better
2012/08/19 13:56:48 :: Internet Systems Consortium DHCP Client 4.2.2
2012/08/19 13:56:48 :: Copyright 2004-2011 Internet Systems Consortium.
2012/08/19 13:56:48 :: All rights reserved.
2012/08/19 13:56:48 :: For info, please visit https://www.isc.org/software/dhcp/
2012/08/19 13:56:48 :: 
2012/08/19 13:56:48 :: Listening on LPF/eth0/b8:27:eb:c2:49:ab
2012/08/19 13:56:48 :: Sending on   LPF/eth0/b8:27:eb:c2:49:ab
2012/08/19 13:56:48 :: Sending on   Socket/fallback
2012/08/19 13:56:48 :: DHCPDISCOVER on eth0 to 255.255.255.255 port 67 interval 4
2012/08/19 13:56:48 :: DHCPREQUEST on eth0 to 255.255.255.255 port 67
2012/08/19 13:56:48 :: DHCPOFFER from 192.168.0.234
2012/08/19 13:56:48 :: DHCPACK from 192.168.0.234
2012/08/19 13:56:49 :: bound to 192.168.0.101 -- renewal in 129865731 seconds.
2012/08/19 13:56:49 :: DHCP connection successful
2012/08/19 13:56:50 :: Connecting thread exiting.
2012/08/19 13:56:53 :: Sending connection attempt result success
2012/08/19 14:00:28 :: Daemon going down, killing wicd-monitor...
2012/08/19 14:00:28 :: Removing PID file...
2012/08/19 14:00:28 :: Shutting down...
2012/08/19 14:00:28 :: Exception KeyError: KeyError(1074417664,) in <module 'threading' from '/usr/lib/python2.7/threading.pyo'> ignored
2012/08/19 14:00:49 :: ---------------------------
2012/08/19 14:00:49 :: wicd initializing...
2012/08/19 14:00:49 :: ---------------------------
2012/08/19 14:00:49 :: wicd is version 1.7.2.4 768
2012/08/19 14:00:49 :: setting backend to external
2012/08/19 14:00:49 :: trying to load backend external
2012/08/19 14:00:49 :: successfully loaded backend external
2012/08/19 14:00:49 :: trying to load backend external
2012/08/19 14:00:49 :: successfully loaded backend external
2012/08/19 14:00:49 :: Couldn't detect a wireless interface.
2012/08/19 14:00:49 :: setting wireless interface None
2012/08/19 14:00:49 :: automatically detected wired interface eth0
2012/08/19 14:00:49 :: setting wired interface eth0
2012/08/19 14:00:49 :: setting wpa driver wext
2012/08/19 14:00:49 :: setting use global dns to False
2012/08/19 14:00:49 :: setting global dns
2012/08/19 14:00:49 :: global dns servers are None None None
2012/08/19 14:00:49 :: domain is None
2012/08/19 14:00:49 :: search domain is None
2012/08/19 14:00:49 :: setting automatically reconnect when connection drops True
2012/08/19 14:00:50 :: Setting dhcp client to 0
2012/08/19 14:00:50 :: Wireless configuration file found...
2012/08/19 14:00:50 :: Wired configuration file found...
2012/08/19 14:00:50 :: chmoding configuration files 0600...
2012/08/19 14:00:50 :: chowning configuration files root:root...
2012/08/19 14:00:50 :: Using wireless interface...
2012/08/19 14:00:50 :: Using wired interface...eth0
2012/08/19 14:01:02 :: Autoconnecting...
2012/08/19 14:01:05 :: attempting to set hostname with dhclient
2012/08/19 14:01:05 :: using dhcpcd or another supported client may work better
2012/08/19 14:01:09 :: Attempting to autoconnect with wired interface...
2012/08/19 14:01:10 :: Putting interface down
2012/08/19 14:01:10 :: Releasing DHCP leases...
2012/08/19 14:01:10 :: attempting to set hostname with dhclient
2012/08/19 14:01:10 :: using dhcpcd or another supported client may work better
2012/08/19 14:01:11 :: Setting false IP...
2012/08/19 14:01:11 :: Stopping wpa_supplicant
2012/08/19 14:01:11 :: Flushing the routing table...
2012/08/19 14:01:11 :: Putting interface up...
2012/08/19 14:01:13 :: Running DHCP with hostname rpitc
2012/08/19 14:01:13 :: attempting to set hostname with dhclient
2012/08/19 14:01:13 :: using dhcpcd or another supported client may work better
2012/08/19 14:01:13 :: Internet Systems Consortium DHCP Client 4.2.2
2012/08/19 14:01:13 :: Copyright 2004-2011 Internet Systems Consortium.
2012/08/19 14:01:13 :: All rights reserved.
2012/08/19 14:01:13 :: For info, please visit https://www.isc.org/software/dhcp/
2012/08/19 14:01:13 :: 
2012/08/19 14:01:13 :: Listening on LPF/eth0/b8:27:eb:c2:49:ab
2012/08/19 14:01:13 :: Sending on   LPF/eth0/b8:27:eb:c2:49:ab
2012/08/19 14:01:13 :: Sending on   Socket/fallback
2012/08/19 14:01:13 :: DHCPDISCOVER on eth0 to 255.255.255.255 port 67 interval 8
2012/08/19 14:01:13 :: DHCPREQUEST on eth0 to 255.255.255.255 port 67
2012/08/19 14:01:13 :: DHCPOFFER from 192.168.0.234
2012/08/19 14:01:13 :: DHCPACK from 192.168.0.234
2012/08/19 14:01:15 :: bound to 192.168.0.101 -- renewal in 138811013 seconds.
2012/08/19 14:01:15 :: DHCP connection successful
2012/08/19 14:01:18 :: Connecting thread exiting.
2012/08/19 14:01:21 :: Sending connection attempt result success
2012/08/19 14:03:28 :: Daemon going down, killing wicd-monitor...
2012/08/19 14:03:28 :: Removing PID file...
2012/08/19 14:03:28 :: Shutting down...
2012/08/19 14:03:28 :: Exception KeyError: KeyError(1074511872,) in <module 'threading' from '/usr/lib/python2.7/threading.pyo'> ignored
2012/08/19 14:03:49 :: ---------------------------
2012/08/19 14:03:49 :: wicd initializing...
2012/08/19 14:03:49 :: ---------------------------
2012/08/19 14:03:49 :: wicd is version 1.7.2.4 768
2012/08/19 14:03:50 :: setting backend to external
2012/08/19 14:03:50 :: trying to load backend external
2012/08/19 14:03:50 :: successfully loaded backend external
2012/08/19 14:03:51 :: trying to load backend external
2012/08/19 14:03:51 :: successfully loaded backend external
2012/08/19 14:03:51 :: Couldn't detect a wireless interface.
2012/08/19 14:03:51 :: setting wireless interface None
2012/08/19 14:03:51 :: automatically detected wired interface eth0
2012/08/19 14:03:51 :: setting wired interface eth0
2012/08/19 14:03:51 :: setting wpa driver wext
2012/08/19 14:03:51 :: setting use global dns to False
2012/08/19 14:03:51 :: setting global dns
2012/08/19 14:03:51 :: global dns servers are None None None
2012/08/19 14:03:51 :: domain is None
2012/08/19 14:03:51 :: search domain is None
2012/08/19 14:03:51 :: setting automatically reconnect when connection drops True
2012/08/19 14:03:51 :: Setting dhcp client to 0
2012/08/19 14:03:52 :: Wireless configuration file found...
2012/08/19 14:03:52 :: Wired configuration file found...
2012/08/19 14:03:52 :: chmoding configuration files 0600...
2012/08/19 14:03:52 :: chowning configuration files root:root...
2012/08/19 14:03:52 :: Using wireless interface...
2012/08/19 14:03:52 :: Using wired interface...eth0
2012/08/19 14:04:04 :: Autoconnecting...
2012/08/19 14:04:08 :: attempting to set hostname with dhclient
2012/08/19 14:04:08 :: using dhcpcd or another supported client may work better
2012/08/19 14:04:11 :: Attempting to autoconnect with wired interface...
2012/08/19 14:04:11 :: Putting interface down
2012/08/19 14:04:11 :: Releasing DHCP leases...
2012/08/19 14:04:11 :: attempting to set hostname with dhclient
2012/08/19 14:04:11 :: using dhcpcd or another supported client may work better
2012/08/19 14:04:12 :: Setting false IP...
2012/08/19 14:04:12 :: Stopping wpa_supplicant
2012/08/19 14:04:12 :: Flushing the routing table...
2012/08/19 14:04:12 :: Putting interface up...
2012/08/19 14:04:14 :: Running DHCP with hostname rpitc
2012/08/19 14:04:14 :: attempting to set hostname with dhclient
2012/08/19 14:04:14 :: using dhcpcd or another supported client may work better
2012/08/19 14:04:14 :: Internet Systems Consortium DHCP Client 4.2.2
2012/08/19 14:04:14 :: Copyright 2004-2011 Internet Systems Consortium.
2012/08/19 14:04:14 :: All rights reserved.
2012/08/19 14:04:14 :: For info, please visit https://www.isc.org/software/dhcp/
2012/08/19 14:04:14 :: 
2012/08/19 14:04:15 :: Listening on LPF/eth0/b8:27:eb:c2:49:ab
2012/08/19 14:04:15 :: Sending on   LPF/eth0/b8:27:eb:c2:49:ab
2012/08/19 14:04:15 :: Sending on   Socket/fallback
2012/08/19 14:04:15 :: DHCPDISCOVER on eth0 to 255.255.255.255 port 67 interval 8
2012/08/19 14:04:15 :: DHCPREQUEST on eth0 to 255.255.255.255 port 67
2012/08/19 14:04:15 :: DHCPOFFER from 192.168.0.234
2012/08/19 14:04:15 :: DHCPACK from 192.168.0.234
2012/08/19 14:04:15 :: bound to 192.168.0.101 -- renewal in 121031367 seconds.
2012/08/19 14:04:15 :: DHCP connection successful
2012/08/19 14:04:16 :: Connecting thread exiting.
2012/08/19 14:04:18 :: Sending connection attempt result success
2012/08/19 14:13:43 :: Daemon going down, killing wicd-monitor...
2012/08/19 14:13:43 :: Removing PID file...
2012/08/19 14:13:43 :: Shutting down...
2012/08/19 14:13:43 :: Exception KeyError: KeyError(1075363840,) in <module 'threading' from '/usr/lib/python2.7/threading.pyo'> ignored
2012/08/19 14:14:04 :: ---------------------------
2012/08/19 14:14:04 :: wicd initializing...
2012/08/19 14:14:04 :: ---------------------------
2012/08/19 14:14:04 :: wicd is version 1.7.2.4 768
2012/08/19 14:14:05 :: setting backend to external
2012/08/19 14:14:05 :: trying to load backend external
2012/08/19 14:14:05 :: successfully loaded backend external
2012/08/19 14:14:05 :: trying to load backend external
2012/08/19 14:14:05 :: successfully loaded backend external
2012/08/19 14:14:05 :: Couldn't detect a wireless interface.
2012/08/19 14:14:05 :: setting wireless interface None
2012/08/19 14:14:06 :: automatically detected wired interface eth0
2012/08/19 14:14:06 :: setting wired interface eth0
2012/08/19 14:14:06 :: setting wpa driver wext
2012/08/19 14:14:06 :: setting use global dns to False
2012/08/19 14:14:06 :: setting global dns
2012/08/19 14:14:06 :: global dns servers are None None None
2012/08/19 14:14:06 :: domain is None
2012/08/19 14:14:06 :: search domain is None
2012/08/19 14:14:06 :: setting automatically reconnect when connection drops True
2012/08/19 14:14:06 :: Setting dhcp client to 0
2012/08/19 14:14:06 :: Wireless configuration file found...
2012/08/19 14:14:06 :: Wired configuration file found...
2012/08/19 14:14:06 :: chmoding configuration files 0600...
2012/08/19 14:14:06 :: chowning configuration files root:root...
2012/08/19 14:14:06 :: Using wireless interface...
2012/08/19 14:14:06 :: Using wired interface...eth0
2012/08/19 14:14:21 :: Autoconnecting...
2012/08/19 14:14:23 :: attempting to set hostname with dhclient
2012/08/19 14:14:23 :: using dhcpcd or another supported client may work better
2012/08/19 14:14:26 :: Attempting to autoconnect with wired interface...
2012/08/19 14:14:27 :: Putting interface down
2012/08/19 14:14:27 :: Releasing DHCP leases...
2012/08/19 14:14:27 :: attempting to set hostname with dhclient
2012/08/19 14:14:27 :: using dhcpcd or another supported client may work better
2012/08/19 14:14:28 :: Setting false IP...
2012/08/19 14:14:28 :: Stopping wpa_supplicant
2012/08/19 14:14:28 :: Flushing the routing table...
2012/08/19 14:14:28 :: Putting interface up...
2012/08/19 14:14:30 :: Running DHCP with hostname rpitc
2012/08/19 14:14:30 :: attempting to set hostname with dhclient
2012/08/19 14:14:30 :: using dhcpcd or another supported client may work better
2012/08/19 14:14:37 :: Internet Systems Consortium DHCP Client 4.2.2
2012/08/19 14:14:37 :: Copyright 2004-2011 Internet Systems Consortium.
2012/08/19 14:14:37 :: All rights reserved.
2012/08/19 14:14:37 :: For info, please visit https://www.isc.org/software/dhcp/
2012/08/19 14:14:37 :: 
2012/08/19 14:14:37 :: Listening on LPF/eth0/b8:27:eb:c2:49:ab
2012/08/19 14:14:37 :: Sending on   LPF/eth0/b8:27:eb:c2:49:ab
2012/08/19 14:14:37 :: Sending on   Socket/fallback
2012/08/19 14:14:37 :: DHCPDISCOVER on eth0 to 255.255.255.255 port 67 interval 7
2012/08/19 14:14:37 :: DHCPREQUEST on eth0 to 255.255.255.255 port 67
2012/08/19 14:14:37 :: DHCPOFFER from 192.168.0.234
2012/08/19 14:14:37 :: DHCPACK from 192.168.0.234
2012/08/19 14:14:38 :: bound to 192.168.0.101 -- renewal in 141464441 seconds.
2012/08/19 14:14:38 :: DHCP connection successful
2012/08/19 14:14:38 :: Connecting thread exiting.
2012/08/19 14:14:39 :: Sending connection attempt result success
2012/08/19 14:15:32 :: Daemon going down, killing wicd-monitor...
2012/08/19 14:15:32 :: Removing PID file...
2012/08/19 14:15:32 :: Shutting down...
2012/08/19 14:15:32 :: Exception KeyError: KeyError(1075359744,) in <module 'threading' from '/usr/lib/python2.7/threading.pyo'> ignored
2012/08/19 14:15:52 :: ---------------------------
2012/08/19 14:15:52 :: wicd initializing...
2012/08/19 14:15:52 :: ---------------------------
2012/08/19 14:15:52 :: wicd is version 1.7.2.4 768
2012/08/19 14:15:54 :: setting backend to external
2012/08/19 14:15:54 :: trying to load backend external
2012/08/19 14:15:55 :: successfully loaded backend external
2012/08/19 14:15:55 :: trying to load backend external
2012/08/19 14:15:55 :: successfully loaded backend external
2012/08/19 14:15:55 :: Couldn't detect a wireless interface.
2012/08/19 14:15:55 :: setting wireless interface None
2012/08/19 14:15:55 :: automatically detected wired interface eth0
2012/08/19 14:15:55 :: setting wired interface eth0
2012/08/19 14:15:55 :: setting wpa driver wext
2012/08/19 14:15:56 :: setting use global dns to False
2012/08/19 14:15:56 :: setting global dns
2012/08/19 14:15:56 :: global dns servers are None None None
2012/08/19 14:15:56 :: domain is None
2012/08/19 14:15:56 :: search domain is None
2012/08/19 14:15:56 :: setting automatically reconnect when connection drops True
2012/08/19 14:15:56 :: Setting dhcp client to 0
2012/08/19 14:15:56 :: Wireless configuration file found...
2012/08/19 14:15:56 :: Wired configuration file found...
2012/08/19 14:15:56 :: chmoding configuration files 0600...
2012/08/19 14:15:56 :: chowning configuration files root:root...
2012/08/19 14:15:56 :: Using wireless interface...
2012/08/19 14:15:56 :: Using wired interface...eth0
2012/08/19 14:16:08 :: Autoconnecting...
2012/08/19 14:16:10 :: attempting to set hostname with dhclient
2012/08/19 14:16:10 :: using dhcpcd or another supported client may work better
2012/08/19 14:16:26 :: Attempting to autoconnect with wired interface...
2012/08/19 14:16:26 :: Putting interface down
2012/08/19 14:16:26 :: Releasing DHCP leases...
2012/08/19 14:16:26 :: attempting to set hostname with dhclient
2012/08/19 14:16:26 :: using dhcpcd or another supported client may work better
2012/08/19 14:16:30 :: Setting false IP...
2012/08/19 14:16:30 :: Daemon going down, killing wicd-monitor...
2012/08/19 14:16:30 :: Removing PID file...
2012/08/19 14:16:30 :: Shutting down...
2012/08/19 14:16:30 :: Exception KeyError: KeyError(1074823168,) in <module 'threading' from '/usr/lib/python2.7/threading.pyo'> ignored
2012/08/19 14:16:49 :: ---------------------------
2012/08/19 14:16:49 :: wicd initializing...
2012/08/19 14:16:49 :: ---------------------------
2012/08/19 14:16:49 :: wicd is version 1.7.2.4 768
2012/08/19 14:16:49 :: setting backend to external
2012/08/19 14:16:50 :: trying to load backend external
2012/08/19 14:16:50 :: successfully loaded backend external
2012/08/19 14:16:50 :: trying to load backend external
2012/08/19 14:16:50 :: successfully loaded backend external
2012/08/19 14:16:51 :: Couldn't detect a wireless interface.
2012/08/19 14:16:51 :: setting wireless interface None
2012/08/19 14:16:51 :: automatically detected wired interface eth0
2012/08/19 14:16:51 :: setting wired interface eth0
2012/08/19 14:16:51 :: setting wpa driver wext
2012/08/19 14:16:51 :: setting use global dns to False
2012/08/19 14:16:51 :: setting global dns
2012/08/19 14:16:51 :: global dns servers are None None None
2012/08/19 14:16:51 :: domain is None
2012/08/19 14:16:51 :: search domain is None
2012/08/19 14:16:51 :: setting automatically reconnect when connection drops True
2012/08/19 14:16:51 :: Setting dhcp client to 0
2012/08/19 14:16:51 :: Wireless configuration file found...
2012/08/19 14:16:51 :: Wired configuration file found...
2012/08/19 14:16:51 :: chmoding configuration files 0600...
2012/08/19 14:16:52 :: chowning configuration files root:root...
2012/08/19 14:16:52 :: Using wireless interface...
2012/08/19 14:16:52 :: Using wired interface...eth0
2012/08/19 14:17:03 :: Autoconnecting...
2012/08/19 14:17:05 :: attempting to set hostname with dhclient
2012/08/19 14:17:05 :: using dhcpcd or another supported client may work better
2012/08/19 14:17:09 :: Attempting to autoconnect with wired interface...
2012/08/19 14:17:09 :: Putting interface down
2012/08/19 14:17:09 :: Releasing DHCP leases...
2012/08/19 14:17:09 :: attempting to set hostname with dhclient
2012/08/19 14:17:09 :: using dhcpcd or another supported client may work better
2012/08/19 14:17:09 :: Setting false IP...
2012/08/19 14:17:09 :: Stopping wpa_supplicant
2012/08/19 14:17:09 :: Flushing the routing table...
2012/08/19 14:17:09 :: Putting interface up...
2012/08/19 14:17:11 :: Running DHCP with hostname rpitc
2012/08/19 14:17:11 :: attempting to set hostname with dhclient
2012/08/19 14:17:11 :: using dhcpcd or another supported client may work better
2012/08/19 14:17:11 :: Internet Systems Consortium DHCP Client 4.2.2
2012/08/19 14:17:12 :: Copyright 2004-2011 Internet Systems Consortium.
2012/08/19 14:17:12 :: All rights reserved.
2012/08/19 14:17:12 :: For info, please visit https://www.isc.org/software/dhcp/
2012/08/19 14:17:12 :: 
2012/08/19 14:17:12 :: Listening on LPF/eth0/b8:27:eb:c2:49:ab
2012/08/19 14:17:12 :: Sending on   LPF/eth0/b8:27:eb:c2:49:ab
2012/08/19 14:17:12 :: Sending on   Socket/fallback
2012/08/19 14:17:12 :: DHCPDISCOVER on eth0 to 255.255.255.255 port 67 interval 7
2012/08/19 14:17:12 :: DHCPREQUEST on eth0 to 255.255.255.255 port 67
2012/08/19 14:17:12 :: DHCPOFFER from 192.168.0.234
2012/08/19 14:17:12 :: DHCPACK from 192.168.0.234
2012/08/19 14:17:12 :: bound to 192.168.0.101 -- renewal in 151522668 seconds.
2012/08/19 14:17:12 :: DHCP connection successful
2012/08/19 14:17:12 :: Connecting thread exiting.
2012/08/19 14:17:16 :: Sending connection attempt result success
2012/08/19 14:19:05 :: Daemon going down, killing wicd-monitor...
2012/08/19 14:19:05 :: Removing PID file...
2012/08/19 14:19:05 :: Shutting down...
2012/08/19 14:19:05 :: Exception KeyError: KeyError(1079152640,) in <module 'threading' from '/usr/lib/python2.7/threading.pyo'> ignored
2012/08/19 14:19:27 :: ---------------------------
2012/08/19 14:19:27 :: wicd initializing...
2012/08/19 14:19:27 :: ---------------------------
2012/08/19 14:19:27 :: wicd is version 1.7.2.4 768
2012/08/19 14:19:28 :: setting backend to external
2012/08/19 14:19:28 :: trying to load backend external
2012/08/19 14:19:28 :: successfully loaded backend external
2012/08/19 14:19:28 :: trying to load backend external
2012/08/19 14:19:28 :: successfully loaded backend external
2012/08/19 14:19:28 :: Couldn't detect a wireless interface.
2012/08/19 14:19:28 :: setting wireless interface None
2012/08/19 14:19:28 :: automatically detected wired interface eth0
2012/08/19 14:19:28 :: setting wired interface eth0
2012/08/19 14:19:29 :: setting wpa driver wext
2012/08/19 14:19:29 :: setting use global dns to False
2012/08/19 14:19:29 :: setting global dns
2012/08/19 14:19:29 :: global dns servers are None None None
2012/08/19 14:19:29 :: domain is None
2012/08/19 14:19:29 :: search domain is None
2012/08/19 14:19:29 :: setting automatically reconnect when connection drops True
2012/08/19 14:19:29 :: Setting dhcp client to 0
2012/08/19 14:19:29 :: Wireless configuration file found...
2012/08/19 14:19:29 :: Wired configuration file found...
2012/08/19 14:19:29 :: chmoding configuration files 0600...
2012/08/19 14:19:29 :: chowning configuration files root:root...
2012/08/19 14:19:29 :: Using wireless interface...
2012/08/19 14:19:29 :: Using wired interface...eth0
2012/08/19 14:19:39 :: Autoconnecting...
2012/08/19 14:19:43 :: attempting to set hostname with dhclient
2012/08/19 14:19:43 :: using dhcpcd or another supported client may work better
2012/08/19 14:19:46 :: Attempting to autoconnect with wired interface...
2012/08/19 14:19:46 :: Putting interface down
2012/08/19 14:19:46 :: Releasing DHCP leases...
2012/08/19 14:19:46 :: attempting to set hostname with dhclient
2012/08/19 14:19:46 :: using dhcpcd or another supported client may work better
2012/08/19 14:19:46 :: Setting false IP...
2012/08/19 14:19:46 :: Stopping wpa_supplicant
2012/08/19 14:19:46 :: Flushing the routing table...
2012/08/19 14:19:46 :: Putting interface up...
2012/08/19 14:19:48 :: Running DHCP with hostname rpitc
2012/08/19 14:19:48 :: attempting to set hostname with dhclient
2012/08/19 14:19:48 :: using dhcpcd or another supported client may work better
2012/08/19 14:19:48 :: Internet Systems Consortium DHCP Client 4.2.2
2012/08/19 14:19:48 :: Copyright 2004-2011 Internet Systems Consortium.
2012/08/19 14:19:48 :: All rights reserved.
2012/08/19 14:19:48 :: For info, please visit https://www.isc.org/software/dhcp/
2012/08/19 14:19:48 :: 
2012/08/19 14:19:49 :: Listening on LPF/eth0/b8:27:eb:c2:49:ab
2012/08/19 14:19:49 :: Sending on   LPF/eth0/b8:27:eb:c2:49:ab
2012/08/19 14:19:49 :: Sending on   Socket/fallback
2012/08/19 14:19:49 :: DHCPDISCOVER on eth0 to 255.255.255.255 port 67 interval 4
2012/08/19 14:19:49 :: DHCPREQUEST on eth0 to 255.255.255.255 port 67
2012/08/19 14:19:49 :: DHCPOFFER from 192.168.0.234
2012/08/19 14:19:49 :: DHCPACK from 192.168.0.234
2012/08/19 14:19:49 :: bound to 192.168.0.101 -- renewal in 120565438 seconds.
2012/08/19 14:19:49 :: DHCP connection successful
2012/08/19 14:19:49 :: Connecting thread exiting.
2012/08/19 14:19:53 :: Sending connection attempt result success
2012/08/19 14:20:36 :: Daemon going down, killing wicd-monitor...
2012/08/19 14:20:36 :: Removing PID file...
2012/08/19 14:20:36 :: Shutting down...
2012/08/19 14:20:36 :: Exception KeyError: KeyError(1074102272,) in <module 'threading' from '/usr/lib/python2.7/threading.pyo'> ignored
2012/08/19 14:20:52 :: ---------------------------
2012/08/19 14:20:53 :: wicd initializing...
2012/08/19 14:20:53 :: ---------------------------
2012/08/19 14:20:53 :: wicd is version 1.7.2.4 768
2012/08/19 14:20:53 :: setting backend to external
2012/08/19 14:20:53 :: trying to load backend external
2012/08/19 14:20:54 :: successfully loaded backend external
2012/08/19 14:20:54 :: trying to load backend external
2012/08/19 14:20:54 :: successfully loaded backend external
2012/08/19 14:20:54 :: Couldn't detect a wireless interface.
2012/08/19 14:20:54 :: setting wireless interface None
2012/08/19 14:20:54 :: automatically detected wired interface eth0
2012/08/19 14:20:54 :: setting wired interface eth0
2012/08/19 14:20:54 :: setting wpa driver wext
2012/08/19 14:20:54 :: setting use global dns to False
2012/08/19 14:20:54 :: setting global dns
2012/08/19 14:20:54 :: global dns servers are None None None
2012/08/19 14:20:54 :: domain is None
2012/08/19 14:20:54 :: search domain is None
2012/08/19 14:20:54 :: setting automatically reconnect when connection drops True
2012/08/19 14:20:54 :: Setting dhcp client to 0
2012/08/19 14:20:54 :: Wireless configuration file found...
2012/08/19 14:20:54 :: Wired configuration file found...
2012/08/19 14:20:54 :: chmoding configuration files 0600...
2012/08/19 14:20:54 :: chowning configuration files root:root...
2012/08/19 14:20:54 :: Using wireless interface...
2012/08/19 14:20:54 :: Using wired interface...eth0
2012/08/19 14:21:01 :: Autoconnecting...
2012/08/19 14:21:07 :: attempting to set hostname with dhclient
2012/08/19 14:21:10 :: using dhcpcd or another supported client may work better
2012/08/19 14:21:11 :: Attempting to autoconnect with wired interface...
2012/08/19 14:21:12 :: Putting interface down
2012/08/19 14:21:12 :: Releasing DHCP leases...
2012/08/19 14:21:12 :: attempting to set hostname with dhclient
2012/08/19 14:21:12 :: using dhcpcd or another supported client may work better
2012/08/19 14:21:12 :: Setting false IP...
2012/08/19 14:21:12 :: Stopping wpa_supplicant
2012/08/19 14:21:12 :: Flushing the routing table...
2012/08/19 14:21:12 :: Putting interface up...
2012/08/19 14:21:14 :: Running DHCP with hostname rpitc
2012/08/19 14:21:14 :: attempting to set hostname with dhclient
2012/08/19 14:21:14 :: using dhcpcd or another supported client may work better
2012/08/19 14:21:14 :: Internet Systems Consortium DHCP Client 4.2.2
2012/08/19 14:21:14 :: Copyright 2004-2011 Internet Systems Consortium.
2012/08/19 14:21:14 :: All rights reserved.
2012/08/19 14:21:14 :: For info, please visit https://www.isc.org/software/dhcp/
2012/08/19 14:21:14 :: 
2012/08/19 14:21:14 :: Listening on LPF/eth0/b8:27:eb:c2:49:ab
2012/08/19 14:21:14 :: Sending on   LPF/eth0/b8:27:eb:c2:49:ab
2012/08/19 14:21:14 :: Sending on   Socket/fallback
2012/08/19 14:21:14 :: DHCPDISCOVER on eth0 to 255.255.255.255 port 67 interval 3
2012/08/19 14:21:14 :: DHCPREQUEST on eth0 to 255.255.255.255 port 67
2012/08/19 14:21:14 :: DHCPOFFER from 192.168.0.234
2012/08/19 14:21:14 :: DHCPACK from 192.168.0.234
2012/08/19 14:21:21 :: bound to 192.168.0.101 -- renewal in 121929090 seconds.
2012/08/19 14:21:21 :: DHCP connection successful
2012/08/19 14:21:22 :: Connecting thread exiting.
2012/08/19 14:21:50 :: Sending connection attempt result success
2012/08/19 14:21:53 :: Daemon going down, killing wicd-monitor...
2012/08/19 14:21:53 :: Removing PID file...
2012/08/19 14:21:53 :: Shutting down...
2012/08/19 14:21:53 :: Exception KeyError: KeyError(1075138560,) in <module 'threading' from '/usr/lib/python2.7/threading.pyo'> ignored
2012/08/19 14:22:17 :: ---------------------------
2012/08/19 14:22:17 :: wicd initializing...
2012/08/19 14:22:17 :: ---------------------------
2012/08/19 14:22:17 :: wicd is version 1.7.2.4 768
2012/08/19 14:22:18 :: setting backend to external
2012/08/19 14:22:18 :: trying to load backend external
2012/08/19 14:22:18 :: successfully loaded backend external
2012/08/19 14:22:18 :: trying to load backend external
2012/08/19 14:22:18 :: successfully loaded backend external
2012/08/19 14:22:18 :: Couldn't detect a wireless interface.
2012/08/19 14:22:18 :: setting wireless interface None
2012/08/19 14:22:18 :: automatically detected wired interface eth0
2012/08/19 14:22:18 :: setting wired interface eth0
2012/08/19 14:22:18 :: setting wpa driver wext
2012/08/19 14:22:18 :: setting use global dns to False
2012/08/19 14:22:18 :: setting global dns
2012/08/19 14:22:18 :: global dns servers are None None None
2012/08/19 14:22:18 :: domain is None
2012/08/19 14:22:18 :: search domain is None
2012/08/19 14:22:18 :: setting automatically reconnect when connection drops True
2012/08/19 14:22:18 :: Setting dhcp client to 0
2012/08/19 14:22:19 :: Wireless configuration file found...
2012/08/19 14:22:19 :: Wired configuration file found...
2012/08/19 14:22:19 :: chmoding configuration files 0600...
2012/08/19 14:22:19 :: chowning configuration files root:root...
2012/08/19 14:22:19 :: Using wireless interface...
2012/08/19 14:22:19 :: Using wired interface...eth0
2012/08/19 14:22:32 :: Autoconnecting...
2012/08/19 14:22:34 :: attempting to set hostname with dhclient
2012/08/19 14:22:34 :: using dhcpcd or another supported client may work better
2012/08/19 14:22:36 :: Attempting to autoconnect with wired interface...
2012/08/19 14:22:36 :: Putting interface down
2012/08/19 14:22:36 :: Releasing DHCP leases...
2012/08/19 14:22:36 :: attempting to set hostname with dhclient
2012/08/19 14:22:36 :: using dhcpcd or another supported client may work better
2012/08/19 14:22:36 :: Setting false IP...
2012/08/19 14:22:37 :: Stopping wpa_supplicant
2012/08/19 14:22:37 :: Flushing the routing table...
2012/08/19 14:22:37 :: Putting interface up...
2012/08/19 14:22:39 :: Running DHCP with hostname rpitc
2012/08/19 14:22:39 :: attempting to set hostname with dhclient
2012/08/19 14:22:39 :: using dhcpcd or another supported client may work better
2012/08/19 14:22:39 :: Internet Systems Consortium DHCP Client 4.2.2
2012/08/19 14:22:39 :: Copyright 2004-2011 Internet Systems Consortium.
2012/08/19 14:22:39 :: All rights reserved.
2012/08/19 14:22:39 :: For info, please visit https://www.isc.org/software/dhcp/
2012/08/19 14:22:39 :: 
2012/08/19 14:22:39 :: Listening on LPF/eth0/b8:27:eb:c2:49:ab
2012/08/19 14:22:39 :: Sending on   LPF/eth0/b8:27:eb:c2:49:ab
2012/08/19 14:22:39 :: Sending on   Socket/fallback
2012/08/19 14:22:39 :: DHCPDISCOVER on eth0 to 255.255.255.255 port 67 interval 5
2012/08/19 14:22:39 :: DHCPREQUEST on eth0 to 255.255.255.255 port 67
2012/08/19 14:22:39 :: DHCPOFFER from 192.168.0.234
2012/08/19 14:22:39 :: DHCPACK from 192.168.0.234
2012/08/19 14:22:39 :: bound to 192.168.0.101 -- renewal in 155060183 seconds.
2012/08/19 14:22:39 :: DHCP connection successful
2012/08/19 14:22:40 :: Connecting thread exiting.
2012/08/19 14:22:43 :: Sending connection attempt result success
2012/08/19 15:09:02 :: Daemon going down, killing wicd-monitor...
2012/08/19 15:09:02 :: Removing PID file...
2012/08/19 15:09:02 :: Shutting down...
2012/08/19 15:09:02 :: Exception KeyError: KeyError(1074704384,) in <module 'threading' from '/usr/lib/python2.7/threading.pyo'> ignored
2012/08/19 15:09:21 :: ---------------------------
2012/08/19 15:09:21 :: wicd initializing...
2012/08/19 15:09:21 :: ---------------------------
2012/08/19 15:09:21 :: wicd is version 1.7.2.4 768
2012/08/19 15:09:21 :: setting backend to external
2012/08/19 15:09:22 :: trying to load backend external
2012/08/19 15:09:22 :: successfully loaded backend external
2012/08/19 15:09:22 :: trying to load backend external
2012/08/19 15:09:22 :: successfully loaded backend external
2012/08/19 15:09:22 :: Couldn't detect a wireless interface.
2012/08/19 15:09:22 :: setting wireless interface None
2012/08/19 15:09:22 :: automatically detected wired interface eth0
2012/08/19 15:09:22 :: setting wired interface eth0
2012/08/19 15:09:22 :: setting wpa driver wext
2012/08/19 15:09:22 :: setting use global dns to False
2012/08/19 15:09:22 :: setting global dns
2012/08/19 15:09:22 :: global dns servers are None None None
2012/08/19 15:09:22 :: domain is None
2012/08/19 15:09:22 :: search domain is None
2012/08/19 15:09:22 :: setting automatically reconnect when connection drops True
2012/08/19 15:09:22 :: Setting dhcp client to 0
2012/08/19 15:09:22 :: Wireless configuration file found...
2012/08/19 15:09:22 :: Wired configuration file found...
2012/08/19 15:09:22 :: chmoding configuration files 0600...
2012/08/19 15:09:22 :: chowning configuration files root:root...
2012/08/19 15:09:22 :: Using wireless interface...
2012/08/19 15:09:22 :: Using wired interface...eth0
2012/08/19 15:09:30 :: Autoconnecting...
2012/08/19 15:09:36 :: attempting to set hostname with dhclient
2012/08/19 15:09:37 :: using dhcpcd or another supported client may work better
2012/08/19 15:09:39 :: Attempting to autoconnect with wired interface...
2012/08/19 15:09:39 :: Putting interface down
2012/08/19 15:09:39 :: Releasing DHCP leases...
2012/08/19 15:09:39 :: attempting to set hostname with dhclient
2012/08/19 15:09:39 :: using dhcpcd or another supported client may work better
2012/08/19 15:09:40 :: Setting false IP...
2012/08/19 15:09:40 :: Stopping wpa_supplicant
2012/08/19 15:09:40 :: Flushing the routing table...
2012/08/19 15:09:40 :: Putting interface up...
2012/08/19 15:09:42 :: Running DHCP with hostname rpitc
2012/08/19 15:09:42 :: attempting to set hostname with dhclient
2012/08/19 15:09:42 :: using dhcpcd or another supported client may work better
2012/08/19 15:09:42 :: Internet Systems Consortium DHCP Client 4.2.2
2012/08/19 15:09:42 :: Copyright 2004-2011 Internet Systems Consortium.
2012/08/19 15:09:42 :: All rights reserved.
2012/08/19 15:09:42 :: For info, please visit https://www.isc.org/software/dhcp/
2012/08/19 15:09:42 :: 
2012/08/19 15:09:42 :: Listening on LPF/eth0/b8:27:eb:c2:49:ab
2012/08/19 15:09:42 :: Sending on   LPF/eth0/b8:27:eb:c2:49:ab
2012/08/19 15:09:42 :: Sending on   Socket/fallback
2012/08/19 15:09:42 :: DHCPDISCOVER on eth0 to 255.255.255.255 port 67 interval 3
2012/08/19 15:09:42 :: DHCPREQUEST on eth0 to 255.255.255.255 port 67
2012/08/19 15:09:42 :: DHCPOFFER from 192.168.0.234
2012/08/19 15:09:42 :: DHCPACK from 192.168.0.234
2012/08/19 15:09:42 :: bound to 192.168.0.101 -- renewal in 155634329 seconds.
2012/08/19 15:09:42 :: DHCP connection successful
2012/08/19 15:09:43 :: Connecting thread exiting.
2012/08/19 15:09:47 :: Sending connection attempt result success
2012/08/19 15:11:57 :: Daemon going down, killing wicd-monitor...
2012/08/19 15:11:57 :: Removing PID file...
2012/08/19 15:11:57 :: Shutting down...
2012/08/19 15:11:58 :: Exception KeyError: KeyError(1074049024,) in <module 'threading' from '/usr/lib/python2.7/threading.pyo'> ignored
