update-alternatives 2013-03-21 11:04:18: run with --quiet --install /usr/bin/awk awk /usr/bin/mawk 5 --slave /usr/share/man/man1/awk.1.gz awk.1.gz /usr/share/man/man1/mawk.1.gz --slave /usr/bin/nawk nawk /usr/bin/mawk --slave /usr/share/man/man1/nawk.1.gz nawk.1.gz /usr/share/man/man1/mawk.1.gz
update-alternatives 2013-03-21 11:04:18: link group awk updated to point to /usr/bin/mawk
update-alternatives 2013-03-21 11:04:52: run with --quiet --install /usr/bin/awk awk /usr/bin/mawk 5 --slave /usr/share/man/man1/awk.1.gz awk.1.gz /usr/share/man/man1/mawk.1.gz --slave /usr/bin/nawk nawk /usr/bin/mawk --slave /usr/share/man/man1/nawk.1.gz nawk.1.gz /usr/share/man/man1/mawk.1.gz
update-alternatives 2013-03-21 11:04:56: run with --install /usr/sbin/rmt rmt /usr/sbin/rmt-tar 50 --slave /usr/share/man/man8/rmt.8.gz rmt.8.gz /usr/share/man/man8/rmt-tar.8.gz
update-alternatives 2013-03-21 11:04:56: link group rmt updated to point to /usr/sbin/rmt-tar
update-alternatives 2013-03-21 11:04:56: run with --install /usr/bin/lzma lzma /usr/bin/xz 20 --slave /usr/share/man/man1/lzma.1.gz lzma.1.gz /usr/share/man/man1/xz.1.gz --slave /usr/bin/unlzma unlzma /usr/bin/unxz --slave /usr/share/man/man1/unlzma.1.gz unlzma.1.gz /usr/share/man/man1/unxz.1.gz --slave /usr/bin/lzcat lzcat /usr/bin/xzcat --slave /usr/share/man/man1/lzcat.1.gz lzcat.1.gz /usr/share/man/man1/xzcat.1.gz --slave /usr/bin/lzmore lzmore /usr/bin/xzmore --slave /usr/share/man/man1/lzmore.1.gz lzmore.1.gz /usr/share/man/man1/xzmore.1.gz --slave /usr/bin/lzless lzless /usr/bin/xzless --slave /usr/share/man/man1/lzless.1.gz lzless.1.gz /usr/share/man/man1/xzless.1.gz --slave /usr/bin/lzdiff lzdiff /usr/bin/xzdiff --slave /usr/share/man/man1/lzdiff.1.gz lzdiff.1.gz /usr/share/man/man1/xzdiff.1.gz --slave /usr/bin/lzcmp lzcmp /usr/bin/xzcmp --slave /usr/share/man/man1/lzcmp.1.gz lzcmp.1.gz /usr/share/man/man1/xzcmp.1.gz --slave /usr/bin/lzgrep lzgrep /usr/bin/xzgrep --slave /usr/share/man/man1/lzgrep.1.gz lzgrep.1.gz /usr/share/man/man1/xzgrep.1.gz --slave /usr/bin/lzegrep lzegrep /usr/bin/xzegrep --slave /usr/share/man/man1/lzegrep.1.gz lzegrep.1.gz /usr/share/man/man1/xzegrep.1.gz --slave /usr/bin/lzfgrep lzfgrep /usr/bin/xzfgrep --slave /usr/share/man/man1/lzfgrep.1.gz lzfgrep.1.gz /usr/share/man/man1/xzfgrep.1.gz
update-alternatives 2013-03-21 11:04:56: link group lzma updated to point to /usr/bin/xz
update-alternatives 2013-03-21 11:05:00: run with --install /usr/share/man/man7/builtins.7.gz builtins.7.gz /usr/share/man/man7/bash-builtins.7.gz 10
update-alternatives 2013-03-21 11:05:00: link group builtins.7.gz updated to point to /usr/share/man/man7/bash-builtins.7.gz
update-alternatives 2013-03-21 11:05:34: run with --install /usr/bin/pager pager /bin/more 50 --slave /usr/share/man/man1/pager.1.gz pager.1.gz /usr/share/man/man1/more.1.gz
update-alternatives 2013-03-21 11:05:34: link group pager updated to point to /bin/more
update-alternatives 2013-03-21 11:05:34: run with --install /usr/bin/pager pager /usr/bin/pg 10 --slave /usr/share/man/man1/pager.1.gz pager.1.gz /usr/share/man/man1/pg.1.gz
update-alternatives 2013-03-21 11:17:10: run with --install /usr/bin/w w /usr/bin/w.procps 50 --slave /usr/share/man/man1/w.1.gz w.1.gz /usr/share/man/man1/w.procps.1.gz
update-alternatives 2013-03-21 11:17:10: link group w updated to point to /usr/bin/w.procps
update-alternatives 2013-03-21 11:21:29: run with --install /usr/bin/editor editor /bin/nano 40 --slave /usr/share/man/man1/editor.1.gz editor.1.gz /usr/share/man/man1/nano.1.gz
update-alternatives 2013-03-21 11:21:29: link group editor updated to point to /bin/nano
update-alternatives 2013-03-21 11:21:29: run with --install /usr/bin/pico pico /bin/nano 10 --slave /usr/share/man/man1/pico.1.gz pico.1.gz /usr/share/man/man1/nano.1.gz
update-alternatives 2013-03-21 11:21:29: link group pico updated to point to /bin/nano
update-alternatives 2013-03-21 11:21:31: run with --quiet --install /usr/bin/rsh rsh /usr/bin/ssh 20 --slave /usr/share/man/man1/rsh.1.gz rsh.1.gz /usr/share/man/man1/ssh.1.gz
update-alternatives 2013-03-21 11:21:31: link group rsh updated to point to /usr/bin/ssh
update-alternatives 2013-03-21 11:21:31: run with --quiet --install /usr/bin/rlogin rlogin /usr/bin/slogin 20 --slave /usr/share/man/man1/rlogin.1.gz rlogin.1.gz /usr/share/man/man1/slogin.1.gz
update-alternatives 2013-03-21 11:21:31: link group rlogin updated to point to /usr/bin/slogin
update-alternatives 2013-03-21 11:21:31: run with --quiet --install /usr/bin/rcp rcp /usr/bin/scp 20 --slave /usr/share/man/man1/rcp.1.gz rcp.1.gz /usr/share/man/man1/scp.1.gz
update-alternatives 2013-03-21 11:21:31: link group rcp updated to point to /usr/bin/scp
update-alternatives 2013-03-21 11:31:30: run with --install /usr/bin/x-window-manager x-window-manager /usr/bin/openbox 90 --slave /usr/share/man/man1/x-window-manager.1.gz x-window-manager.1.gz /usr/share/man/man1/openbox.1.gz
update-alternatives 2013-03-21 11:31:30: link group x-window-manager updated to point to /usr/bin/openbox
update-alternatives 2013-03-21 11:31:30: run with --install /usr/bin/x-session-manager x-session-manager /usr/bin/openbox-session 40 --slave /usr/share/man/man1/x-session-manager.1.gz x-session-manager.1.gz /usr/share/man/man1/openbox-session.1.gz
update-alternatives 2013-03-21 11:31:30: link group x-session-manager updated to point to /usr/bin/openbox-session
update-alternatives 2013-03-21 11:31:40: run with --quiet --install /lib/cpp cpp /usr/bin/cpp 10
update-alternatives 2013-03-21 11:31:40: link group cpp updated to point to /usr/bin/cpp
update-alternatives 2013-03-21 11:31:40: run with --install /usr/bin/x-www-browser x-www-browser /usr/bin/iceweasel 70 --slave /usr/share/man/man1/x-www-browser.1.gz x-www-browser.1.gz /usr/share/man/man1/iceweasel.1.gz
update-alternatives 2013-03-21 11:31:40: link group x-www-browser updated to point to /usr/bin/iceweasel
update-alternatives 2013-03-21 11:31:40: run with --install /usr/bin/gnome-www-browser gnome-www-browser /usr/bin/iceweasel 70 --slave /usr/share/man/man1/gnome-www-browser.1.gz gnome-www-browser.1.gz /usr/share/man/man1/iceweasel.1.gz
update-alternatives 2013-03-21 11:31:40: link group gnome-www-browser updated to point to /usr/bin/iceweasel
update-alternatives 2013-03-21 11:31:41: run with --install /usr/bin/gnome-text-editor gnome-text-editor /usr/bin/leafpad 40 --slave /usr/share/man/man1/gnome-text-editor.1.gz gnome-text-editor.1.gz /usr/share/man/man1/leafpad.1.gz
update-alternatives 2013-03-21 11:31:41: link group gnome-text-editor updated to point to /usr/bin/leafpad
update-alternatives 2013-03-21 11:31:41: run with --install /usr/bin/x-session-manager x-session-manager /usr/bin/lxsession 49 --slave /usr/share/man/man1/lxsession-manager.1.gz x-session-manager.1.gz /usr/share/man/man1/lxsession.1.gz
update-alternatives 2013-03-21 11:31:41: link group x-session-manager updated to point to /usr/bin/lxsession
update-alternatives 2013-03-21 11:31:41: run with --install /usr/bin/x-session-manager x-session-manager /usr/bin/startlxde 50 --slave /usr/share/man/man1/x-session-manager.1.gz x-session-manager.1.gz /usr/share/man/man1/startlxde.1.gz
update-alternatives 2013-03-21 11:31:41: link group x-session-manager updated to point to /usr/bin/startlxde
update-alternatives 2013-03-21 11:31:41: run with --install /usr/bin/x-terminal-emulator x-terminal-emulator /usr/bin/lxterminal 40 --slave /usr/share/man/man1/x-terminal-emulator.1.gz x-terminal-emulator.1.gz /usr/share/man/man1/lxterminal.1.gz
update-alternatives 2013-03-21 11:31:41: link group x-terminal-emulator updated to point to /usr/bin/lxterminal
