Jan  1 00:00:20 localhost sshd[1127]: Server listening on 0.0.0.0 port 22.
Jan  1 00:00:20 localhost sshd[1127]: Server listening on :: port 22.
Jan  1 00:00:21 localhost login[1151]: pam_unix(login:account): account root has password changed in future
Jan  1 00:00:21 localhost login[1151]: pam_unix(login:session): session opened for user root by (uid=0)
Jan  1 00:00:21 localhost login[1153]: ROOT LOGIN  on '/dev/tty1'
Aug  1 21:11:32 localhost sshd[1127]: Received signal 15; terminating.
Jan  1 00:00:24 localhost sshd[1122]: Server listening on 0.0.0.0 port 22.
Jan  1 00:00:24 localhost sshd[1122]: Server listening on :: port 22.
Jan  1 00:00:24 localhost login[1146]: pam_unix(login:account): account root has password changed in future
Jan  1 00:00:27 localhost login[1146]: pam_unix(login:session): session opened for user root by (uid=0)
Jan  1 00:00:27 localhost login[1148]: ROOT LOGIN  on '/dev/tty1'
Aug  1 21:26:32 localhost groupadd[1635]: group added to /etc/group: name=netdev, GID=105
Aug  1 21:26:33 localhost groupadd[1635]: group added to /etc/gshadow: name=netdev
Aug  1 21:26:33 localhost groupadd[1635]: new group: name=netdev, GID=105
Aug  1 21:26:36 localhost groupadd[1643]: group added to /etc/group: name=messagebus, GID=106
Aug  1 21:26:37 localhost groupadd[1643]: group added to /etc/gshadow: name=messagebus
Aug  1 21:26:37 localhost groupadd[1643]: new group: name=messagebus, GID=106
Aug  1 21:26:37 localhost useradd[1647]: new user: name=messagebus, UID=103, GID=106, home=/var/run/dbus, shell=/bin/false
Aug  1 21:26:47 localhost usermod[1652]: change user 'messagebus' password
Aug  1 21:26:48 localhost chage[1657]: changed password expiry for messagebus
Aug  1 21:28:03 localhost sshd[1122]: Received signal 15; terminating.
Jan  1 00:00:18 localhost sshd[1116]: Server listening on 0.0.0.0 port 22.
Jan  1 00:00:18 localhost sshd[1116]: Server listening on :: port 22.
Jan  1 00:00:18 localhost login[1140]: pam_unix(login:account): account root has password changed in future
Jan  1 00:00:18 localhost login[1140]: pam_unix(login:session): session opened for user root by (uid=0)
Jan  1 00:00:18 localhost login[1142]: ROOT LOGIN  on '/dev/tty1'
Jan  1 00:03:19 localhost sshd[1116]: Received signal 15; terminating.
Jan  1 00:03:23 localhost sshd[1120]: Server listening on 0.0.0.0 port 22.
Jan  1 00:03:23 localhost sshd[1120]: Server listening on :: port 22.
Jan  1 00:03:24 localhost login[1144]: pam_unix(login:account): account root has password changed in future
Jan  1 00:03:24 localhost login[1144]: pam_unix(login:session): session opened for user root by (uid=0)
Jan  1 00:03:24 localhost login[1146]: ROOT LOGIN  on '/dev/tty1'
Aug  1 21:33:31 localhost sshd[1120]: Received signal 15; terminating.
Aug  1 21:33:37 localhost sshd[1122]: Server listening on 0.0.0.0 port 22.
Aug  1 21:33:37 localhost sshd[1122]: Server listening on :: port 22.
Aug  1 21:33:38 localhost login[1146]: pam_unix(login:session): session opened for user root by (uid=0)
Aug  1 21:33:38 localhost login[1148]: ROOT LOGIN  on '/dev/tty1'
Aug  1 21:36:09 localhost sshd[1122]: Received signal 15; terminating.
Aug  1 21:36:13 localhost sshd[1122]: Server listening on 0.0.0.0 port 22.
Aug  1 21:36:13 localhost sshd[1122]: Server listening on :: port 22.
Aug  1 21:36:14 localhost login[1146]: pam_unix(login:session): session opened for user root by (uid=0)
Aug  1 21:36:14 localhost login[1148]: ROOT LOGIN  on '/dev/tty1'
Aug  1 21:49:43 localhost sshd[1122]: Received signal 15; terminating.
Aug  1 21:49:47 localhost sshd[1118]: Server listening on 0.0.0.0 port 22.
Aug  1 21:49:47 localhost sshd[1118]: Server listening on :: port 22.
Aug  1 21:49:47 localhost login[1142]: pam_unix(login:session): session opened for user root by (uid=0)
Aug  1 21:49:47 localhost login[1144]: ROOT LOGIN  on '/dev/tty1'
Aug  1 21:59:16 localhost sshd[1118]: Received signal 15; terminating.
Aug  1 21:59:20 localhost sshd[1078]: Server listening on :: port 22.
Aug  1 21:59:20 localhost sshd[1078]: Server listening on 0.0.0.0 port 22.
Aug  1 21:59:20 localhost login[1102]: pam_unix(login:session): session opened for user root by (uid=0)
Aug  1 21:59:20 localhost login[1104]: ROOT LOGIN  on '/dev/tty1'
Aug  1 22:13:21 localhost sshd[1078]: Received signal 15; terminating.
Aug  1 22:13:24 localhost sshd[1081]: Server listening on :: port 22.
Aug  1 22:13:24 localhost sshd[1081]: Server listening on 0.0.0.0 port 22.
Aug  1 22:13:24 localhost login[1105]: pam_unix(login:session): session opened for user root by (uid=0)
Aug  1 22:13:24 localhost login[1107]: ROOT LOGIN  on '/dev/tty1'
Aug  1 22:14:24 localhost sshd[1081]: Received signal 15; terminating.
