gpgv: Signature made Sun Jun 24 10:21:22 2012 CEST using RSA key ID 473041FA
gpgv: Good signature from "Debian Archive Automatic Signing Key (6.0/squeeze) <ftpmaster@debian.org>"
dpkg: warning: parsing file '/var/lib/dpkg/status' near line 5 package 'dpkg':
 missing description
dpkg: warning: parsing file '/var/lib/dpkg/status' near line 5 package 'dpkg':
 missing architecture
Selecting previously unselected package base-files.
dpkg: regarding .../base-files_6.9_armel.deb containing base-files, pre-dependency problem:
 base-files pre-depends on awk
  awk is not installed.
dpkg: warning: ignoring pre-dependency problem!
(Reading database ... 0 files and directories currently installed.)
Unpacking base-files (from .../base-files_6.9_armel.deb) ...
Selecting previously unselected package base-passwd.
Unpacking base-passwd (from .../base-passwd_3.5.24_armel.deb) ...
dpkg: base-passwd: dependency problems, but configuring anyway as you requested:
 base-passwd depends on libc6 (>= 2.4); however:
  Package libc6 is not installed.
Setting up base-passwd (3.5.24) ...
dpkg: base-files: dependency problems, but configuring anyway as you requested:
 base-files depends on awk; however:
  Package awk is not installed.
Setting up base-files (6.9) ...
dpkg: warning: parsing file '/var/lib/dpkg/status' near line 49 package 'dpkg':
 missing description
dpkg: warning: parsing file '/var/lib/dpkg/status' near line 49 package 'dpkg':
 missing architecture
dpkg: regarding .../archives/dpkg_1.16.3_armel.deb containing dpkg, pre-dependency problem:
 dpkg pre-depends on libbz2-1.0
  libbz2-1.0 is not installed.
dpkg: warning: ignoring pre-dependency problem!
dpkg: regarding .../archives/dpkg_1.16.3_armel.deb containing dpkg, pre-dependency problem:
 dpkg pre-depends on libc6 (>= 2.11)
dpkg: warning: ignoring pre-dependency problem!
dpkg: regarding .../archives/dpkg_1.16.3_armel.deb containing dpkg, pre-dependency problem:
 dpkg pre-depends on libgcc1 (>= 1:4.4.0)
dpkg: warning: ignoring pre-dependency problem!
dpkg: regarding .../archives/dpkg_1.16.3_armel.deb containing dpkg, pre-dependency problem:
 dpkg pre-depends on libselinux1 (>= 1.32)
dpkg: warning: ignoring pre-dependency problem!
dpkg: regarding .../archives/dpkg_1.16.3_armel.deb containing dpkg, pre-dependency problem:
 dpkg pre-depends on zlib1g (>= 1:1.1.4)
dpkg: warning: ignoring pre-dependency problem!
dpkg: regarding .../archives/dpkg_1.16.3_armel.deb containing dpkg, pre-dependency problem:
 dpkg pre-depends on tar (>= 1.23)
dpkg: warning: ignoring pre-dependency problem!
dpkg: regarding .../archives/dpkg_1.16.3_armel.deb containing dpkg, pre-dependency problem:
 dpkg pre-depends on xz-utils
  xz-utils is not installed.
dpkg: warning: ignoring pre-dependency problem!
(Reading database ... 114 files and directories currently installed.)
Preparing to replace dpkg 1.16.3 (using .../archives/dpkg_1.16.3_armel.deb) ...
Unpacking replacement dpkg ...
dpkg: dpkg: dependency problems, but configuring anyway as you requested:
 dpkg depends on libbz2-1.0; however:
  Package libbz2-1.0 is not installed.
 dpkg depends on libc6 (>= 2.11); however:
  Package libc6 is not installed.
 dpkg depends on libgcc1 (>= 1:4.4.0); however:
  Package libgcc1 is not installed.
 dpkg depends on libselinux1 (>= 1.32); however:
  Package libselinux1 is not installed.
 dpkg depends on zlib1g (>= 1:1.1.4); however:
  Package zlib1g is not installed.
 dpkg depends on tar (>= 1.23); however:
  Package tar is not installed.
 dpkg depends on xz-utils; however:
  Package xz-utils is not installed.
Setting up dpkg (1.16.3) ...
Selecting previously unselected package libc6:armel.
(Reading database ... 364 files and directories currently installed.)
Unpacking libc6:armel (from .../libc6_2.13-33_armel.deb) ...
dpkg: libc6:armel: dependency problems, but configuring anyway as you requested:
 libc6:armel depends on libc-bin (= 2.13-33); however:
  Package libc-bin is not installed.
 libc6:armel depends on libgcc1; however:
  Package libgcc1 is not installed.
Setting up libc6:armel (2.13-33) ...
Selecting previously unselected package perl-base.
dpkg: regarding .../perl-base_5.14.2-11_armel.deb containing perl-base, pre-dependency problem:
 perl-base pre-depends on libgcc1 (>= 1:4.4.0)
dpkg: warning: ignoring pre-dependency problem!
(Reading database ... 674 files and directories currently installed.)
Unpacking perl-base (from .../perl-base_5.14.2-11_armel.deb) ...
dpkg: perl-base: dependency problems, but configuring anyway as you requested:
 perl-base depends on libgcc1 (>= 1:4.4.0); however:
  Package libgcc1 is not installed.
Setting up perl-base (5.14.2-11) ...
Selecting previously unselected package mawk.
(Reading database ... 1744 files and directories currently installed.)
Unpacking mawk (from .../mawk_1.3.3-17_armel.deb) ...
Setting up mawk (1.3.3-17) ...
Selecting previously unselected package debconf.
(Reading database ... 1763 files and directories currently installed.)
Unpacking debconf (from .../debconf_1.5.43_all.deb) ...
Setting up debconf (1.5.43) ...
Selecting previously unselected package libacl1:armel.
dpkg: regarding .../libacl1_2.2.51-8_armel.deb containing libacl1:armel, pre-dependency problem:
 libacl1 pre-depends on multiarch-support
  multiarch-support is not installed.
dpkg: warning: ignoring pre-dependency problem!
(Reading database ... 1946 files and directories currently installed.)
Unpacking libacl1:armel (from .../libacl1_2.2.51-8_armel.deb) ...
Selecting previously unselected package libattr1:armel.
dpkg: regarding .../libattr1_1%3a2.4.46-8_armel.deb containing libattr1:armel, pre-dependency problem:
 libattr1 pre-depends on multiarch-support
  multiarch-support is not installed.
dpkg: warning: ignoring pre-dependency problem!
Unpacking libattr1:armel (from .../libattr1_1%3a2.4.46-8_armel.deb) ...
Preparing to replace base-files 6.9 (using .../base-files_6.9_armel.deb) ...
Unpacking replacement base-files ...
Preparing to replace base-passwd 3.5.24 (using .../base-passwd_3.5.24_armel.deb) ...
Unpacking replacement base-passwd ...
Selecting previously unselected package bash.
dpkg: regarding .../archives/bash_4.2-2_armel.deb containing bash, pre-dependency problem:
 bash pre-depends on dash (>= 0.5.5.1-2.2)
dpkg: warning: ignoring pre-dependency problem!
dpkg: regarding .../archives/bash_4.2-2_armel.deb containing bash, pre-dependency problem:
 bash pre-depends on libgcc1 (>= 1:4.4.0)
dpkg: warning: ignoring pre-dependency problem!
dpkg: regarding .../archives/bash_4.2-2_armel.deb containing bash, pre-dependency problem:
 bash pre-depends on libtinfo5
  libtinfo5 is not installed.
dpkg: warning: ignoring pre-dependency problem!
Unpacking bash (from .../archives/bash_4.2-2_armel.deb) ...
Selecting previously unselected package libbz2-1.0:armel.
dpkg: regarding .../libbz2-1.0_1.0.6-3_armel.deb containing libbz2-1.0:armel, pre-dependency problem:
 libbz2-1.0 pre-depends on multiarch-support
  multiarch-support is not installed.
dpkg: warning: ignoring pre-dependency problem!
Unpacking libbz2-1.0:armel (from .../libbz2-1.0_1.0.6-3_armel.deb) ...
Selecting previously unselected package coreutils.
dpkg: regarding .../coreutils_8.13-3.2_armel.deb containing coreutils, pre-dependency problem:
 coreutils pre-depends on libacl1 (>= 2.2.51-5)
  libacl1:armel is unpacked, but has never been configured.
dpkg: warning: ignoring pre-dependency problem!
dpkg: regarding .../coreutils_8.13-3.2_armel.deb containing coreutils, pre-dependency problem:
 coreutils pre-depends on libattr1 (>= 1:2.4.46-5)
  libattr1:armel is unpacked, but has never been configured.
dpkg: warning: ignoring pre-dependency problem!
dpkg: regarding .../coreutils_8.13-3.2_armel.deb containing coreutils, pre-dependency problem:
 coreutils pre-depends on libgcc1 (>= 1:4.4.0)
dpkg: warning: ignoring pre-dependency problem!
dpkg: regarding .../coreutils_8.13-3.2_armel.deb containing coreutils, pre-dependency problem:
 coreutils pre-depends on libselinux1 (>= 1.32)
dpkg: warning: ignoring pre-dependency problem!
Unpacking coreutils (from .../coreutils_8.13-3.2_armel.deb) ...
Selecting previously unselected package dash.
Unpacking dash (from .../dash_0.5.7-3_armel.deb) ...
Adding 'diversion of /bin/sh to /bin/sh.distrib by dash'
Adding 'diversion of /usr/share/man/man1/sh.1.gz to /usr/share/man/man1/sh.distrib.1.gz by dash'
Selecting previously unselected package libdb5.1:armel.
dpkg: regarding .../libdb5.1_5.1.29-1_armel.deb containing libdb5.1:armel, pre-dependency problem:
 libdb5.1 pre-depends on multiarch-support
  multiarch-support is not installed.
dpkg: warning: ignoring pre-dependency problem!
Unpacking libdb5.1:armel (from .../libdb5.1_5.1.29-1_armel.deb) ...
Preparing to replace debconf 1.5.43 (using .../debconf_1.5.43_all.deb) ...
Unpacking replacement debconf ...
Selecting previously unselected package debconf-i18n.
Unpacking debconf-i18n (from .../debconf-i18n_1.5.43_all.deb) ...
Selecting previously unselected package debianutils.
Unpacking debianutils (from .../debianutils_4.3.1_armel.deb) ...
Selecting previously unselected package diffutils.
dpkg: regarding .../diffutils_1%3a3.2-6_armel.deb containing diffutils, pre-dependency problem:
 diffutils pre-depends on libgcc1 (>= 1:4.4.0)
dpkg: warning: ignoring pre-dependency problem!
Unpacking diffutils (from .../diffutils_1%3a3.2-6_armel.deb) ...
dpkg: regarding .../archives/dpkg_1.16.3_armel.deb containing dpkg, pre-dependency problem:
 dpkg pre-depends on libbz2-1.0
  libbz2-1.0:armel is unpacked, but has never been configured.
dpkg: warning: ignoring pre-dependency problem!
dpkg: regarding .../archives/dpkg_1.16.3_armel.deb containing dpkg, pre-dependency problem:
 dpkg pre-depends on libgcc1 (>= 1:4.4.0)
dpkg: warning: ignoring pre-dependency problem!
dpkg: regarding .../archives/dpkg_1.16.3_armel.deb containing dpkg, pre-dependency problem:
 dpkg pre-depends on libselinux1 (>= 1.32)
dpkg: warning: ignoring pre-dependency problem!
dpkg: regarding .../archives/dpkg_1.16.3_armel.deb containing dpkg, pre-dependency problem:
 dpkg pre-depends on zlib1g (>= 1:1.1.4)
dpkg: warning: ignoring pre-dependency problem!
dpkg: regarding .../archives/dpkg_1.16.3_armel.deb containing dpkg, pre-dependency problem:
 dpkg pre-depends on tar (>= 1.23)
dpkg: warning: ignoring pre-dependency problem!
dpkg: regarding .../archives/dpkg_1.16.3_armel.deb containing dpkg, pre-dependency problem:
 dpkg pre-depends on xz-utils
  xz-utils is not installed.
dpkg: warning: ignoring pre-dependency problem!
Preparing to replace dpkg 1.16.3 (using .../archives/dpkg_1.16.3_armel.deb) ...
Unpacking replacement dpkg ...
Selecting previously unselected package e2fslibs:armel.
dpkg: regarding .../e2fslibs_1.42.4-3_armel.deb containing e2fslibs:armel, pre-dependency problem:
 e2fslibs pre-depends on multiarch-support
  multiarch-support is not installed.
dpkg: warning: ignoring pre-dependency problem!
Unpacking e2fslibs:armel (from .../e2fslibs_1.42.4-3_armel.deb) ...
Selecting previously unselected package e2fsprogs.
dpkg: regarding .../e2fsprogs_1.42.4-3_armel.deb containing e2fsprogs, pre-dependency problem:
 e2fsprogs pre-depends on e2fslibs (= 1.42.4-3)
  e2fslibs:armel is unpacked, but has never been configured.
dpkg: warning: ignoring pre-dependency problem!
dpkg: regarding .../e2fsprogs_1.42.4-3_armel.deb containing e2fsprogs, pre-dependency problem:
 e2fsprogs pre-depends on libblkid1 (>= 2.17.2)
dpkg: warning: ignoring pre-dependency problem!
dpkg: regarding .../e2fsprogs_1.42.4-3_armel.deb containing e2fsprogs, pre-dependency problem:
 e2fsprogs pre-depends on libcomerr2 (>= 1.42~WIP-2011-10-05-1)
dpkg: warning: ignoring pre-dependency problem!
dpkg: regarding .../e2fsprogs_1.42.4-3_armel.deb containing e2fsprogs, pre-dependency problem:
 e2fsprogs pre-depends on libgcc1 (>= 1:4.4.0)
dpkg: warning: ignoring pre-dependency problem!
dpkg: regarding .../e2fsprogs_1.42.4-3_armel.deb containing e2fsprogs, pre-dependency problem:
 e2fsprogs pre-depends on libss2 (>= 1.34-1)
dpkg: warning: ignoring pre-dependency problem!
dpkg: regarding .../e2fsprogs_1.42.4-3_armel.deb containing e2fsprogs, pre-dependency problem:
 e2fsprogs pre-depends on libuuid1 (>= 2.16)
dpkg: warning: ignoring pre-dependency problem!
dpkg: regarding .../e2fsprogs_1.42.4-3_armel.deb containing e2fsprogs, pre-dependency problem:
 e2fsprogs pre-depends on util-linux (>= 2.15~rc1-1)
dpkg: warning: ignoring pre-dependency problem!
Unpacking e2fsprogs (from .../e2fsprogs_1.42.4-3_armel.deb) ...
Selecting previously unselected package libcomerr2:armel.
dpkg: regarding .../libcomerr2_1.42.4-3_armel.deb containing libcomerr2:armel, pre-dependency problem:
 libcomerr2 pre-depends on multiarch-support
  multiarch-support is not installed.
dpkg: warning: ignoring pre-dependency problem!
Unpacking libcomerr2:armel (from .../libcomerr2_1.42.4-3_armel.deb) ...
Selecting previously unselected package libss2:armel.
dpkg: regarding .../libss2_1.42.4-3_armel.deb containing libss2:armel, pre-dependency problem:
 libss2 pre-depends on multiarch-support
  multiarch-support is not installed.
dpkg: warning: ignoring pre-dependency problem!
Unpacking libss2:armel (from .../libss2_1.42.4-3_armel.deb) ...
Selecting previously unselected package libc-bin.
Unpacking libc-bin (from .../libc-bin_2.13-33_armel.deb) ...
Preparing to replace libc6:armel 2.13-33 (using .../libc6_2.13-33_armel.deb) ...
Unpacking replacement libc6:armel ...
Selecting previously unselected package multiarch-support.
Unpacking multiarch-support (from .../multiarch-support_2.13-33_armel.deb) ...
Selecting previously unselected package findutils.
dpkg: regarding .../findutils_4.4.2-4_armel.deb containing findutils, pre-dependency problem:
 findutils pre-depends on libgcc1 (>= 1:4.4.0)
dpkg: warning: ignoring pre-dependency problem!
Unpacking findutils (from .../findutils_4.4.2-4_armel.deb) ...
Selecting previously unselected package gcc-4.5-base:armel.
Unpacking gcc-4.5-base:armel (from .../gcc-4.5-base_4.5.3-12_armel.deb) ...
Selecting previously unselected package gcc-4.6-base:armel.
Unpacking gcc-4.6-base:armel (from .../gcc-4.6-base_4.6.3-1_armel.deb) ...
Selecting previously unselected package gcc-4.7-base:armel.
Unpacking gcc-4.7-base:armel (from .../gcc-4.7-base_4.7.0-8_armel.deb) ...
Selecting previously unselected package libgcc1:armel.
dpkg: regarding .../libgcc1_1%3a4.7.0-8_armel.deb containing libgcc1:armel, pre-dependency problem:
 libgcc1 pre-depends on multiarch-support
  multiarch-support is unpacked, but has never been configured.
dpkg: warning: ignoring pre-dependency problem!
Unpacking libgcc1:armel (from .../libgcc1_1%3a4.7.0-8_armel.deb) ...
Selecting previously unselected package grep.
dpkg: regarding .../archives/grep_2.12-2_armel.deb containing grep, pre-dependency problem:
 grep pre-depends on libgcc1 (>= 1:4.4.0)
  libgcc1:armel is unpacked, but has never been configured.
dpkg: warning: ignoring pre-dependency problem!
Unpacking grep (from .../archives/grep_2.12-2_armel.deb) ...
Selecting previously unselected package gzip.
dpkg: regarding .../archives/gzip_1.4-5_armel.deb containing gzip, pre-dependency problem:
 gzip pre-depends on libgcc1 (>= 1:4.4.0)
  libgcc1:armel is unpacked, but has never been configured.
dpkg: warning: ignoring pre-dependency problem!
Unpacking gzip (from .../archives/gzip_1.4-5_armel.deb) ...
Selecting previously unselected package hostname.
Unpacking hostname (from .../hostname_3.11_armel.deb) ...
Selecting previously unselected package insserv.
Unpacking insserv (from .../insserv_1.14.0-3_armel.deb) ...
Selecting previously unselected package liblocale-gettext-perl.
Unpacking liblocale-gettext-perl (from .../liblocale-gettext-perl_1.05-7+b1_armel.deb) ...
Selecting previously unselected package libselinux1:armel.
dpkg: regarding .../libselinux1_2.1.9-5_armel.deb containing libselinux1:armel, pre-dependency problem:
 libselinux1 pre-depends on multiarch-support
  multiarch-support is unpacked, but has never been configured.
dpkg: warning: ignoring pre-dependency problem!
Unpacking libselinux1:armel (from .../libselinux1_2.1.9-5_armel.deb) ...
Selecting previously unselected package libsemanage-common.
Unpacking libsemanage-common (from .../libsemanage-common_2.1.6-6_all.deb) ...
Selecting previously unselected package libsemanage1:armel.
dpkg: regarding .../libsemanage1_2.1.6-6_armel.deb containing libsemanage1:armel, pre-dependency problem:
 libsemanage1 pre-depends on multiarch-support
  multiarch-support is unpacked, but has never been configured.
dpkg: warning: ignoring pre-dependency problem!
Unpacking libsemanage1:armel (from .../libsemanage1_2.1.6-6_armel.deb) ...
Selecting previously unselected package libsepol1:armel.
dpkg: regarding .../libsepol1_2.1.4-3_armel.deb containing libsepol1:armel, pre-dependency problem:
 libsepol1 pre-depends on multiarch-support
  multiarch-support is unpacked, but has never been configured.
dpkg: warning: ignoring pre-dependency problem!
Unpacking libsepol1:armel (from .../libsepol1_2.1.4-3_armel.deb) ...
Selecting previously unselected package libtext-charwidth-perl.
Unpacking libtext-charwidth-perl (from .../libtext-charwidth-perl_0.04-7+b1_armel.deb) ...
Selecting previously unselected package libtext-iconv-perl.
Unpacking libtext-iconv-perl (from .../libtext-iconv-perl_1.7-5_armel.deb) ...
Selecting previously unselected package libtext-wrapi18n-perl.
Unpacking libtext-wrapi18n-perl (from .../libtext-wrapi18n-perl_0.06-7_all.deb) ...
Selecting previously unselected package lsb-base.
Unpacking lsb-base (from .../lsb-base_4.1+Debian6_all.deb) ...
Preparing to replace mawk 1.3.3-17 (using .../mawk_1.3.3-17_armel.deb) ...
Unpacking replacement mawk ...
Selecting previously unselected package libncurses5:armel.
dpkg: regarding .../libncurses5_5.9-8_armel.deb containing libncurses5:armel, pre-dependency problem:
 libncurses5 pre-depends on multiarch-support
  multiarch-support is unpacked, but has never been configured.
dpkg: warning: ignoring pre-dependency problem!
dpkg: regarding .../libncurses5_5.9-8_armel.deb containing libncurses5:armel, pre-dependency problem:
 libncurses5 pre-depends on libtinfo5 (>= 5.9-3)
dpkg: warning: ignoring pre-dependency problem!
Unpacking libncurses5:armel (from .../libncurses5_5.9-8_armel.deb) ...
Selecting previously unselected package libtinfo5:armel.
dpkg: regarding .../libtinfo5_5.9-8_armel.deb containing libtinfo5:armel, pre-dependency problem:
 libtinfo5 pre-depends on multiarch-support
  multiarch-support is unpacked, but has never been configured.
dpkg: warning: ignoring pre-dependency problem!
Unpacking libtinfo5:armel (from .../libtinfo5_5.9-8_armel.deb) ...
Selecting previously unselected package ncurses-base.
Unpacking ncurses-base (from .../ncurses-base_5.9-8_all.deb) ...
Selecting previously unselected package ncurses-bin.
dpkg: regarding .../ncurses-bin_5.9-8_armel.deb containing ncurses-bin, pre-dependency problem:
 ncurses-bin pre-depends on libtinfo5 (>= 5.9-3~)
  libtinfo5:armel is unpacked, but has never been configured.
dpkg: warning: ignoring pre-dependency problem!
Unpacking ncurses-bin (from .../ncurses-bin_5.9-8_armel.deb) ...
Selecting previously unselected package libpam-modules:armel.
dpkg: regarding .../libpam-modules_1.1.3-7.1_armel.deb containing libpam-modules:armel, pre-dependency problem:
 libpam-modules pre-depends on libdb5.1
  libdb5.1:armel is unpacked, but has never been configured.
dpkg: warning: ignoring pre-dependency problem!
dpkg: regarding .../libpam-modules_1.1.3-7.1_armel.deb containing libpam-modules:armel, pre-dependency problem:
 libpam-modules pre-depends on libpam0g (>= 1.1.3-2)
dpkg: warning: ignoring pre-dependency problem!
dpkg: regarding .../libpam-modules_1.1.3-7.1_armel.deb containing libpam-modules:armel, pre-dependency problem:
 libpam-modules pre-depends on libselinux1 (>= 2.0.85)
  libselinux1:armel is unpacked, but has never been configured.
dpkg: warning: ignoring pre-dependency problem!
dpkg: regarding .../libpam-modules_1.1.3-7.1_armel.deb containing libpam-modules:armel, pre-dependency problem:
 libpam-modules pre-depends on libpam-modules-bin (= 1.1.3-7.1)
dpkg: warning: ignoring pre-dependency problem!
Unpacking libpam-modules:armel (from .../libpam-modules_1.1.3-7.1_armel.deb) ...
Selecting previously unselected package libpam-modules-bin.
Unpacking libpam-modules-bin (from .../libpam-modules-bin_1.1.3-7.1_armel.deb) ...
Selecting previously unselected package libpam-runtime.
Unpacking libpam-runtime (from .../libpam-runtime_1.1.3-7.1_all.deb) ...
Selecting previously unselected package libpam0g:armel.
dpkg: regarding .../libpam0g_1.1.3-7.1_armel.deb containing libpam0g:armel, pre-dependency problem:
 libpam0g pre-depends on multiarch-support
  multiarch-support is unpacked, but has never been configured.
dpkg: warning: ignoring pre-dependency problem!
Unpacking libpam0g:armel (from .../libpam0g_1.1.3-7.1_armel.deb) ...
dpkg: regarding .../perl-base_5.14.2-11_armel.deb containing perl-base, pre-dependency problem:
 perl-base pre-depends on libgcc1 (>= 1:4.4.0)
  libgcc1:armel is unpacked, but has never been configured.
dpkg: warning: ignoring pre-dependency problem!
Preparing to replace perl-base 5.14.2-11 (using .../perl-base_5.14.2-11_armel.deb) ...
Unpacking replacement perl-base ...
Selecting previously unselected package sed.
dpkg: regarding .../sed_4.2.1-10_armel.deb containing sed, pre-dependency problem:
 sed pre-depends on libselinux1 (>= 1.32)
  libselinux1:armel is unpacked, but has never been configured.
dpkg: warning: ignoring pre-dependency problem!
Unpacking sed (from .../sed_4.2.1-10_armel.deb) ...
Selecting previously unselected package sensible-utils.
Unpacking sensible-utils (from .../sensible-utils_0.0.7_all.deb) ...
Selecting previously unselected package login.
dpkg: regarding .../login_1%3a4.1.5.1-1_armel.deb containing login, pre-dependency problem:
 login pre-depends on libgcc1 (>= 1:4.4.0)
  libgcc1:armel is unpacked, but has never been configured.
dpkg: warning: ignoring pre-dependency problem!
dpkg: regarding .../login_1%3a4.1.5.1-1_armel.deb containing login, pre-dependency problem:
 login pre-depends on libpam0g (>= 0.99.7.1)
  libpam0g:armel is unpacked, but has never been configured.
dpkg: warning: ignoring pre-dependency problem!
dpkg: regarding .../login_1%3a4.1.5.1-1_armel.deb containing login, pre-dependency problem:
 login pre-depends on libpam-runtime
  libpam-runtime is unpacked, but has never been configured.
dpkg: warning: ignoring pre-dependency problem!
dpkg: regarding .../login_1%3a4.1.5.1-1_armel.deb containing login, pre-dependency problem:
 login pre-depends on libpam-modules
  libpam-modules:armel is unpacked, but has never been configured.
dpkg: warning: ignoring pre-dependency problem!
Unpacking login (from .../login_1%3a4.1.5.1-1_armel.deb) ...
Selecting previously unselected package passwd.
Unpacking passwd (from .../passwd_1%3a4.1.5.1-1_armel.deb) ...
Selecting previously unselected package libslang2:armel.
dpkg: regarding .../libslang2_2.2.4-10_armel.deb containing libslang2:armel, pre-dependency problem:
 libslang2 pre-depends on multiarch-support
  multiarch-support is unpacked, but has never been configured.
dpkg: warning: ignoring pre-dependency problem!
Unpacking libslang2:armel (from .../libslang2_2.2.4-10_armel.deb) ...
Selecting previously unselected package initscripts.
Unpacking initscripts (from .../initscripts_2.88dsf-22.1_armel.deb) ...
Selecting previously unselected package sysv-rc.
Unpacking sysv-rc (from .../sysv-rc_2.88dsf-22.1_all.deb) ...
Selecting previously unselected package sysvinit.
dpkg: regarding .../sysvinit_2.88dsf-22.1_armel.deb containing sysvinit, pre-dependency problem:
 sysvinit pre-depends on initscripts (>= 2.88dsf-13.3)
  initscripts is unpacked, but has never been configured.
dpkg: warning: ignoring pre-dependency problem!
dpkg: regarding .../sysvinit_2.88dsf-22.1_armel.deb containing sysvinit, pre-dependency problem:
 sysvinit pre-depends on sysv-rc | file-rc
  sysv-rc is unpacked, but has never been configured.
  file-rc is not installed.
dpkg: warning: ignoring pre-dependency problem!
dpkg: regarding .../sysvinit_2.88dsf-22.1_armel.deb containing sysvinit, pre-dependency problem:
 sysvinit pre-depends on sysvinit-utils (>= 2.86.ds1-66)
dpkg: warning: ignoring pre-dependency problem!
Unpacking sysvinit (from .../sysvinit_2.88dsf-22.1_armel.deb) ...
Selecting previously unselected package sysvinit-utils.
Unpacking sysvinit-utils (from .../sysvinit-utils_2.88dsf-22.1_armel.deb) ...
Selecting previously unselected package tar.
dpkg: regarding .../archives/tar_1.26-4_armel.deb containing tar, pre-dependency problem:
 tar pre-depends on libgcc1 (>= 1:4.4.0)
  libgcc1:armel is unpacked, but has never been configured.
dpkg: warning: ignoring pre-dependency problem!
Unpacking tar (from .../archives/tar_1.26-4_armel.deb) ...
Selecting previously unselected package tzdata.
Unpacking tzdata (from .../tzdata_2012c-1_all.deb) ...
Selecting previously unselected package ucf.
Unpacking ucf (from .../ucf_3.0025+nmu3_all.deb) ...
Moving old data out of the way
Selecting previously unselected package libustr-1.0-1:armel.
dpkg: regarding .../libustr-1.0-1_1.0.4-3_armel.deb containing libustr-1.0-1:armel, pre-dependency problem:
 libustr-1.0-1 pre-depends on multiarch-support
  multiarch-support is unpacked, but has never been configured.
dpkg: warning: ignoring pre-dependency problem!
Unpacking libustr-1.0-1:armel (from .../libustr-1.0-1_1.0.4-3_armel.deb) ...
Selecting previously unselected package bsdutils.
Unpacking bsdutils (from .../bsdutils_1%3a2.20.1-5_armel.deb) ...
Selecting previously unselected package libblkid1:armel.
dpkg: regarding .../libblkid1_2.20.1-5_armel.deb containing libblkid1:armel, pre-dependency problem:
 libblkid1 pre-depends on multiarch-support
  multiarch-support is unpacked, but has never been configured.
dpkg: warning: ignoring pre-dependency problem!
Unpacking libblkid1:armel (from .../libblkid1_2.20.1-5_armel.deb) ...
Selecting previously unselected package libmount1.
dpkg: regarding .../libmount1_2.20.1-5_armel.deb containing libmount1, pre-dependency problem:
 libmount1 pre-depends on multiarch-support
  multiarch-support is unpacked, but has never been configured.
dpkg: warning: ignoring pre-dependency problem!
Unpacking libmount1 (from .../libmount1_2.20.1-5_armel.deb) ...
Selecting previously unselected package libuuid1:armel.
dpkg: regarding .../libuuid1_2.20.1-5_armel.deb containing libuuid1:armel, pre-dependency problem:
 libuuid1 pre-depends on multiarch-support
  multiarch-support is unpacked, but has never been configured.
dpkg: warning: ignoring pre-dependency problem!
Unpacking libuuid1:armel (from .../libuuid1_2.20.1-5_armel.deb) ...
Selecting previously unselected package mount.
dpkg: regarding .../mount_2.20.1-5_armel.deb containing mount, pre-dependency problem:
 mount pre-depends on libblkid1 (>= 2.20.1)
  libblkid1:armel is unpacked, but has never been configured.
dpkg: warning: ignoring pre-dependency problem!
dpkg: regarding .../mount_2.20.1-5_armel.deb containing mount, pre-dependency problem:
 mount pre-depends on libgcc1 (>= 1:4.4.0)
  libgcc1:armel is unpacked, but has never been configured.
dpkg: warning: ignoring pre-dependency problem!
dpkg: regarding .../mount_2.20.1-5_armel.deb containing mount, pre-dependency problem:
 mount pre-depends on libmount1 (>= 2.20.1)
  libmount1 is unpacked, but has never been configured.
dpkg: warning: ignoring pre-dependency problem!
dpkg: regarding .../mount_2.20.1-5_armel.deb containing mount, pre-dependency problem:
 mount pre-depends on libselinux1 (>= 2.0.15)
  libselinux1:armel is unpacked, but has never been configured.
dpkg: warning: ignoring pre-dependency problem!
dpkg: regarding .../mount_2.20.1-5_armel.deb containing mount, pre-dependency problem:
 mount pre-depends on libsepol1 (>= 1.14)
  libsepol1:armel is unpacked, but has never been configured.
dpkg: warning: ignoring pre-dependency problem!
Unpacking mount (from .../mount_2.20.1-5_armel.deb) ...
Selecting previously unselected package util-linux.
dpkg: regarding .../util-linux_2.20.1-5_armel.deb containing util-linux, pre-dependency problem:
 util-linux pre-depends on libblkid1 (>= 2.20.1)
  libblkid1:armel is unpacked, but has never been configured.
dpkg: warning: ignoring pre-dependency problem!
dpkg: regarding .../util-linux_2.20.1-5_armel.deb containing util-linux, pre-dependency problem:
 util-linux pre-depends on libgcc1 (>= 1:4.4.0)
  libgcc1:armel is unpacked, but has never been configured.
dpkg: warning: ignoring pre-dependency problem!
dpkg: regarding .../util-linux_2.20.1-5_armel.deb containing util-linux, pre-dependency problem:
 util-linux pre-depends on libncurses5 (>= 5.5-5~)
  libncurses5:armel is unpacked, but has never been configured.
dpkg: warning: ignoring pre-dependency problem!
dpkg: regarding .../util-linux_2.20.1-5_armel.deb containing util-linux, pre-dependency problem:
 util-linux pre-depends on libselinux1 (>= 1.32)
  libselinux1:armel is unpacked, but has never been configured.
dpkg: warning: ignoring pre-dependency problem!
dpkg: regarding .../util-linux_2.20.1-5_armel.deb containing util-linux, pre-dependency problem:
 util-linux pre-depends on libslang2 (>= 2.2.4)
  libslang2:armel is unpacked, but has never been configured.
dpkg: warning: ignoring pre-dependency problem!
dpkg: regarding .../util-linux_2.20.1-5_armel.deb containing util-linux, pre-dependency problem:
 util-linux pre-depends on libtinfo5
  libtinfo5:armel is unpacked, but has never been configured.
dpkg: warning: ignoring pre-dependency problem!
dpkg: regarding .../util-linux_2.20.1-5_armel.deb containing util-linux, pre-dependency problem:
 util-linux pre-depends on libuuid1 (>= 2.16)
  libuuid1:armel is unpacked, but has never been configured.
dpkg: warning: ignoring pre-dependency problem!
dpkg: regarding .../util-linux_2.20.1-5_armel.deb containing util-linux, pre-dependency problem:
 util-linux pre-depends on zlib1g (>= 1:1.1.4)
dpkg: warning: ignoring pre-dependency problem!
Unpacking util-linux (from .../util-linux_2.20.1-5_armel.deb) ...
Selecting previously unselected package liblzma5:armel.
dpkg: regarding .../liblzma5_5.1.1alpha+20110809-3_armel.deb containing liblzma5:armel, pre-dependency problem:
 liblzma5 pre-depends on multiarch-support
  multiarch-support is unpacked, but has never been configured.
dpkg: warning: ignoring pre-dependency problem!
Unpacking liblzma5:armel (from .../liblzma5_5.1.1alpha+20110809-3_armel.deb) ...
Selecting previously unselected package xz-utils.
Unpacking xz-utils (from .../xz-utils_5.1.1alpha+20110809-3_armel.deb) ...
Selecting previously unselected package zlib1g:armel.
dpkg: regarding .../zlib1g_1%3a1.2.7.dfsg-13_armel.deb containing zlib1g:armel, pre-dependency problem:
 zlib1g pre-depends on multiarch-support
  multiarch-support is unpacked, but has never been configured.
dpkg: warning: ignoring pre-dependency problem!
Unpacking zlib1g:armel (from .../zlib1g_1%3a1.2.7.dfsg-13_armel.deb) ...
Setting up lsb-base (4.1+Debian6) ...
Setting up ncurses-base (5.9-8) ...
Setting up sensible-utils (0.0.7) ...
Setting up libsemanage-common (2.1.6-6) ...
Setting up gcc-4.7-base:armel (4.7.0-8) ...
Setting up libc-bin (2.13-33) ...
Setting up gcc-4.5-base:armel (4.5.3-12) ...
Setting up gcc-4.6-base:armel (4.6.3-1) ...
Setting up libc6:armel (2.13-33) ...
Setting up debianutils (4.3.1) ...
Setting up base-passwd (3.5.24) ...
Setting up mawk (1.3.3-17) ...
Setting up hostname (3.11) ...
Setting up insserv (1.14.0-3) ...
Setting up multiarch-support (2.13-33) ...
Setting up libselinux1:armel (2.1.9-5) ...
Setting up libsepol1:armel (2.1.4-3) ...
Setting up libgcc1:armel (1:4.7.0-8) ...
Setting up base-files (6.9) ...
Setting up libattr1:armel (1:2.4.46-8) ...
Setting up e2fslibs:armel (1.42.4-3) ...
Setting up libcomerr2:armel (1.42.4-3) ...
Setting up libacl1:armel (2.2.51-8) ...
Setting up libslang2:armel (2.2.4-10) ...
Setting up libss2:armel (1.42.4-3) ...
Setting up liblzma5:armel (5.1.1alpha+20110809-3) ...
Setting up libdb5.1:armel (5.1.29-1) ...
Setting up libbz2-1.0:armel (1.0.6-3) ...
Setting up libtinfo5:armel (5.9-8) ...
Setting up sysvinit-utils (2.88dsf-22.1) ...
Setting up libustr-1.0-1:armel (1.0.4-3) ...
Setting up bsdutils (1:2.20.1-5) ...
Setting up ncurses-bin (5.9-8) ...
Setting up libsemanage1:armel (2.1.6-6) ...
Setting up tar (1.26-4) ...
update-alternatives: using /usr/sbin/rmt-tar to provide /usr/sbin/rmt (rmt) in auto mode.
Setting up zlib1g:armel (1:1.2.7.dfsg-13) ...
Setting up libncurses5:armel (5.9-8) ...
Setting up xz-utils (5.1.1alpha+20110809-3) ...
Setting up dpkg (1.16.3) ...
Setting up dash (0.5.7-3) ...
Setting up coreutils (8.13-3.2) ...
Setting up perl-base (5.14.2-11) ...
Setting up diffutils (1:3.2-6) ...
Setting up libtext-iconv-perl (1.7-5) ...
Setting up sed (4.2.1-10) ...
Setting up grep (2.12-2) ...
Setting up findutils (4.4.2-4) ...
Setting up gzip (1.4-5) ...
Setting up liblocale-gettext-perl (1.05-7+b1) ...
Setting up bash (4.2-2) ...
update-alternatives: using /usr/share/man/man7/bash-builtins.7.gz to provide /usr/share/man/man7/builtins.7.gz (builtins.7.gz) in auto mode.
Setting up libtext-charwidth-perl (0.04-7+b1) ...
Setting up libtext-wrapi18n-perl (0.06-7) ...
Setting up debconf (1.5.43) ...
Setting up libpam0g:armel (1.1.3-7.1) ...
Setting up ucf (3.0025+nmu3) ...
Setting up sysv-rc (2.88dsf-22.1) ...
Setting up tzdata (2012c-1) ...

Current default time zone: 'Etc/UTC'
Local time is now:      Sun Jun 24 15:40:46 UTC 2012.
Universal Time is now:  Sun Jun 24 15:40:46 UTC 2012.
Run 'dpkg-reconfigure tzdata' if you wish to change it.

Setting up debconf-i18n (1.5.43) ...
Setting up initscripts (2.88dsf-22.1) ...
Setting up libpam-modules-bin (1.1.3-7.1) ...
Setting up libpam-modules:armel (1.1.3-7.1) ...
Setting up passwd (1:4.1.5.1-1) ...
Shadow passwords are now on.
Setting up libpam-runtime (1.1.3-7.1) ...
Setting up sysvinit (2.88dsf-22.1) ...
sysvinit: creating /run/initctl
Not restarting sysvinit: chroot detected
Setting up login (1:4.1.5.1-1) ...
Setting up libuuid1:armel (2.20.1-5) ...
Setting up libblkid1:armel (2.20.1-5) ...
Setting up util-linux (2.20.1-5) ...
update-alternatives: using /bin/more to provide /usr/bin/pager (pager) in auto mode.
Setting up libmount1 (2.20.1-5) ...
Setting up mount (2.20.1-5) ...
Setting up e2fsprogs (1.42.4-3) ...
dpkg: warning: package not in database at line 72: adduser
dpkg: warning: package not in database at line 72: apt
dpkg: warning: package not in database at line 72: apt-utils
dpkg: warning: package not in database at line 72: aptitude
dpkg: warning: package not in database at line 72: aptitude-common
dpkg: warning: package not in database at line 72: bsdmainutils
dpkg: warning: package not in database at line 72: cpio
dpkg: warning: package not in database at line 72: cron
dpkg: warning: package not in database at line 72: debian-archive-keyring
dpkg: warning: package not in database at line 72: gnupg
dpkg: warning: package not in database at line 72: gpgv
dpkg: warning: package not in database at line 72: groff-base
dpkg: warning: package not in database at line 72: ifupdown
dpkg: warning: package not in database at line 72: info
dpkg: warning: package not in database at line 72: install-info
dpkg: warning: package not in database at line 72: iproute
dpkg: warning: package not in database at line 72: iptables
dpkg: warning: package not in database at line 72: iputils-ping
dpkg: warning: package not in database at line 72: isc-dhcp-client
dpkg: warning: package not in database at line 72: isc-dhcp-common
dpkg: warning: package not in database at line 72: kmod
dpkg: warning: package not in database at line 72: libapt-inst1.5
dpkg: warning: package not in database at line 72: libapt-pkg4.12
dpkg: warning: package not in database at line 72: libboost-iostreams1.49.0
dpkg: warning: package not in database at line 72: libclass-isa-perl
dpkg: warning: package not in database at line 72: libcwidget3
dpkg: warning: package not in database at line 72: libept1.4.12
dpkg: warning: package not in database at line 72: libgcrypt11
dpkg: warning: package not in database at line 72: libgdbm3
dpkg: warning: package not in database at line 72: libgnutls26
dpkg: warning: package not in database at line 72: libgpg-error0
dpkg: warning: package not in database at line 72: libidn11
dpkg: warning: package not in database at line 72: libkmod2
dpkg: warning: package not in database at line 72: libncursesw5
dpkg: warning: package not in database at line 72: libnewt0.52
dpkg: warning: package not in database at line 72: libnfnetlink0
dpkg: warning: package not in database at line 72: libp11-kit0
dpkg: warning: package not in database at line 72: libpipeline1
dpkg: warning: package not in database at line 72: libpopt0
dpkg: warning: package not in database at line 72: libprocps0
dpkg: warning: package not in database at line 72: libreadline6
dpkg: warning: package not in database at line 72: libsigc++-2.0-0c2a
dpkg: warning: package not in database at line 72: libsqlite3-0
dpkg: warning: package not in database at line 72: libssl1.0.0
dpkg: warning: package not in database at line 72: libstdc++6
dpkg: warning: package not in database at line 72: libswitch-perl
dpkg: warning: package not in database at line 72: libtasn1-3
dpkg: warning: package not in database at line 72: libudev0
dpkg: warning: package not in database at line 72: libusb-0.1-4
dpkg: warning: package not in database at line 72: libxapian22
dpkg: warning: package not in database at line 72: logrotate
dpkg: warning: package not in database at line 72: man-db
dpkg: warning: package not in database at line 72: manpages
dpkg: warning: package not in database at line 72: nano
dpkg: warning: package not in database at line 72: net-tools
dpkg: warning: package not in database at line 72: netbase
dpkg: warning: package not in database at line 72: netcat-traditional
dpkg: warning: package not in database at line 72: perl
dpkg: warning: package not in database at line 72: perl-modules
dpkg: warning: package not in database at line 72: procps
dpkg: warning: package not in database at line 72: readline-common
dpkg: warning: package not in database at line 72: rsyslog
dpkg: warning: package not in database at line 72: tasksel
dpkg: warning: package not in database at line 72: tasksel-data
dpkg: warning: package not in database at line 72: traceroute
dpkg: warning: package not in database at line 72: udev
dpkg: warning: package not in database at line 72: vim-common
dpkg: warning: package not in database at line 72: vim-tiny
dpkg: warning: package not in database at line 72: wget
dpkg: warning: package not in database at line 72: whiptail
Selecting previously unselected package adduser.
(Reading database ... 6278 files and directories currently installed.)
Unpacking adduser (from .../adduser_3.113+nmu3_all.deb) ...
Selecting previously unselected package apt.
Unpacking apt (from .../archives/apt_0.9.6_armel.deb) ...
Selecting previously unselected package apt-utils.
Unpacking apt-utils (from .../apt-utils_0.9.6_armel.deb) ...
Selecting previously unselected package libapt-inst1.5:armel.
Unpacking libapt-inst1.5:armel (from .../libapt-inst1.5_0.9.6_armel.deb) ...
Selecting previously unselected package libapt-pkg4.12:armel.
Unpacking libapt-pkg4.12:armel (from .../libapt-pkg4.12_0.9.6_armel.deb) ...
Selecting previously unselected package aptitude.
Unpacking aptitude (from .../aptitude_0.6.8-1_armel.deb) ...
Selecting previously unselected package aptitude-common.
Unpacking aptitude-common (from .../aptitude-common_0.6.8-1_all.deb) ...
Selecting previously unselected package libboost-iostreams1.49.0.
Unpacking libboost-iostreams1.49.0 (from .../libboost-iostreams1.49.0_1.49.0-3_armel.deb) ...
Selecting previously unselected package bsdmainutils.
Unpacking bsdmainutils (from .../bsdmainutils_9.0.3_armel.deb) ...
Selecting previously unselected package cpio.
Unpacking cpio (from .../archives/cpio_2.11-8_armel.deb) ...
Selecting previously unselected package cron.
Unpacking cron (from .../cron_3.0pl1-121_armel.deb) ...
Selecting previously unselected package libcwidget3.
Unpacking libcwidget3 (from .../libcwidget3_0.5.16-3.3_armel.deb) ...
Selecting previously unselected package debian-archive-keyring.
Unpacking debian-archive-keyring (from .../debian-archive-keyring_2012.4_all.deb) ...
Selecting previously unselected package libstdc++6:armel.
Unpacking libstdc++6:armel (from .../libstdc++6_4.7.0-8_armel.deb) ...
Selecting previously unselected package libgdbm3:armel.
Unpacking libgdbm3:armel (from .../libgdbm3_1.8.3-11_armel.deb) ...
Selecting previously unselected package gnupg.
Unpacking gnupg (from .../gnupg_1.4.12-4_armel.deb) ...
Selecting previously unselected package gpgv.
Unpacking gpgv (from .../gpgv_1.4.12-4_armel.deb) ...
Selecting previously unselected package libgnutls26:armel.
Unpacking libgnutls26:armel (from .../libgnutls26_2.12.20-1_armel.deb) ...
Selecting previously unselected package groff-base.
Unpacking groff-base (from .../groff-base_1.21-7_armel.deb) ...
Selecting previously unselected package ifupdown.
Unpacking ifupdown (from .../ifupdown_0.7_armel.deb) ...
Selecting previously unselected package iproute.
Unpacking iproute (from .../iproute_20120521-2_armel.deb) ...
Selecting previously unselected package iptables.
Unpacking iptables (from .../iptables_1.4.14-2_armel.deb) ...
Selecting previously unselected package iputils-ping.
Unpacking iputils-ping (from .../iputils-ping_3%3a20101006-1+b1_armel.deb) ...
Selecting previously unselected package isc-dhcp-client.
Unpacking isc-dhcp-client (from .../isc-dhcp-client_4.2.2.dfsg.1-5_armel.deb) ...
Selecting previously unselected package isc-dhcp-common.
Unpacking isc-dhcp-common (from .../isc-dhcp-common_4.2.2.dfsg.1-5_armel.deb) ...
Selecting previously unselected package kmod.
Unpacking kmod (from .../archives/kmod_8-2_armel.deb) ...
Selecting previously unselected package libkmod2:armel.
Unpacking libkmod2:armel (from .../libkmod2_8-2_armel.deb) ...
Selecting previously unselected package libclass-isa-perl.
Unpacking libclass-isa-perl (from .../libclass-isa-perl_0.36-3_all.deb) ...
Selecting previously unselected package libept1.4.12.
Unpacking libept1.4.12 (from .../libept1.4.12_1.0.6.1_armel.deb) ...
Selecting previously unselected package libgcrypt11:armel.
Unpacking libgcrypt11:armel (from .../libgcrypt11_1.5.0-3_armel.deb) ...
Selecting previously unselected package libgpg-error0:armel.
Unpacking libgpg-error0:armel (from .../libgpg-error0_1.10-3_armel.deb) ...
Selecting previously unselected package libidn11:armel.
Unpacking libidn11:armel (from .../libidn11_1.25-2_armel.deb) ...
Selecting previously unselected package libnfnetlink0.
Unpacking libnfnetlink0 (from .../libnfnetlink0_1.0.0-1_armel.deb) ...
Selecting previously unselected package libpipeline1:armel.
Unpacking libpipeline1:armel (from .../libpipeline1_1.2.1-1_armel.deb) ...
Selecting previously unselected package libsigc++-2.0-0c2a.
Unpacking libsigc++-2.0-0c2a (from .../libsigc++-2.0-0c2a_2.2.10-0.1_armel.deb) ...
Selecting previously unselected package libswitch-perl.
Unpacking libswitch-perl (from .../libswitch-perl_2.16-2_all.deb) ...
Selecting previously unselected package libtasn1-3:armel.
Unpacking libtasn1-3:armel (from .../libtasn1-3_2.13-2_armel.deb) ...
Selecting previously unselected package libusb-0.1-4:armel.
Unpacking libusb-0.1-4:armel (from .../libusb-0.1-4_2%3a0.1.12-20_armel.deb) ...
Selecting previously unselected package logrotate.
Unpacking logrotate (from .../logrotate_3.8.1-4_armel.deb) ...
Selecting previously unselected package man-db.
Unpacking man-db (from .../man-db_2.6.1-2_armel.deb) ...
Selecting previously unselected package manpages.
Unpacking manpages (from .../manpages_3.40-0.1_all.deb) ...
Selecting previously unselected package nano.
Unpacking nano (from .../nano_2.2.6-1+b1_armel.deb) ...
Selecting previously unselected package libncursesw5:armel.
Unpacking libncursesw5:armel (from .../libncursesw5_5.9-8_armel.deb) ...
Selecting previously unselected package net-tools.
Unpacking net-tools (from .../net-tools_1.60-24.1_armel.deb) ...
Selecting previously unselected package netbase.
Unpacking netbase (from .../archives/netbase_5.0_all.deb) ...
Selecting previously unselected package netcat-traditional.
Unpacking netcat-traditional (from .../netcat-traditional_1.10-40_armel.deb) ...
Selecting previously unselected package libnewt0.52.
Unpacking libnewt0.52 (from .../libnewt0.52_0.52.14-10_armel.deb) ...
Selecting previously unselected package whiptail.
Unpacking whiptail (from .../whiptail_0.52.14-10_armel.deb) ...
Selecting previously unselected package libssl1.0.0:armel.
Unpacking libssl1.0.0:armel (from .../libssl1.0.0_1.0.1c-3_armel.deb) ...
Selecting previously unselected package libp11-kit0:armel.
Unpacking libp11-kit0:armel (from .../libp11-kit0_0.12-3_armel.deb) ...
Selecting previously unselected package perl.
Unpacking perl (from .../perl_5.14.2-11_armel.deb) ...
Selecting previously unselected package perl-modules.
Unpacking perl-modules (from .../perl-modules_5.14.2-11_all.deb) ...
Selecting previously unselected package libpopt0:armel.
Unpacking libpopt0:armel (from .../libpopt0_1.16-7_armel.deb) ...
Selecting previously unselected package libprocps0:armel.
Unpacking libprocps0:armel (from .../libprocps0_1%3a3.3.2-3_armel.deb) ...
Selecting previously unselected package procps.
Unpacking procps (from .../procps_1%3a3.3.2-3_armel.deb) ...
Selecting previously unselected package libreadline6:armel.
Unpacking libreadline6:armel (from .../libreadline6_6.2-8_armel.deb) ...
Selecting previously unselected package readline-common.
Unpacking readline-common (from .../readline-common_6.2-8_all.deb) ...
Selecting previously unselected package rsyslog.
Unpacking rsyslog (from .../rsyslog_5.8.11-1+b1_armel.deb) ...
Selecting previously unselected package libsqlite3-0:armel.
Unpacking libsqlite3-0:armel (from .../libsqlite3-0_3.7.13-1_armel.deb) ...
Selecting previously unselected package tasksel.
Unpacking tasksel (from .../archives/tasksel_3.09_all.deb) ...
Selecting previously unselected package tasksel-data.
Unpacking tasksel-data (from .../tasksel-data_3.09_all.deb) ...
Selecting previously unselected package info.
Unpacking info (from .../info_4.13a.dfsg.1-10_armel.deb) ...
Selecting previously unselected package install-info.
Unpacking install-info (from .../install-info_4.13a.dfsg.1-10_armel.deb) ...
Selecting previously unselected package traceroute.
Unpacking traceroute (from .../traceroute_1%3a2.0.18-2_armel.deb) ...
Selecting previously unselected package libudev0:armel.
Unpacking libudev0:armel (from .../libudev0_175-3.1_armel.deb) ...
Selecting previously unselected package udev.
Unpacking udev (from .../udev_175-3.1_armel.deb) ...
Selecting previously unselected package vim-common.
Unpacking vim-common (from .../vim-common_2%3a7.3.547-1_armel.deb) ...
Selecting previously unselected package vim-tiny.
Unpacking vim-tiny (from .../vim-tiny_2%3a7.3.547-1_armel.deb) ...
Selecting previously unselected package wget.
Unpacking wget (from .../wget_1.13.4-3_armel.deb) ...
Selecting previously unselected package libxapian22.
Unpacking libxapian22 (from .../libxapian22_1.2.10-2_armel.deb) ...
Setting up gpgv (1.4.12-4) ...
Setting up libssl1.0.0:armel (1.0.1c-3) ...
Setting up libgdbm3:armel (1.8.3-11) ...
Setting up isc-dhcp-common (4.2.2.dfsg.1-5) ...
Setting up libtasn1-3:armel (2.13-2) ...
Setting up libpopt0:armel (1.16-7) ...
Setting up libusb-0.1-4:armel (2:0.1.12-20) ...
Setting up libgpg-error0:armel (1.10-3) ...
Setting up install-info (4.13a.dfsg.1-10) ...
Setting up vim-common (2:7.3.547-1) ...
Setting up libprocps0:armel (1:3.3.2-3) ...
Setting up netbase (5.0) ...
Setting up libudev0:armel (175-3.1) ...
Setting up libkmod2:armel (8-2) ...
Setting up libclass-isa-perl (0.36-3) ...
Setting up adduser (3.113+nmu3) ...
Setting up traceroute (1:2.0.18-2) ...
update-alternatives: using /usr/bin/traceroute.db to provide /usr/bin/traceroute (traceroute) in auto mode.
update-alternatives: using /usr/bin/traceroute6.db to provide /usr/bin/traceroute6 (traceroute6) in auto mode.
update-alternatives: using /usr/bin/lft.db to provide /usr/bin/lft (lft) in auto mode.
update-alternatives: using /usr/bin/traceproto.db to provide /usr/bin/traceproto (traceproto) in auto mode.
update-alternatives: using /usr/sbin/tcptraceroute.db to provide /usr/sbin/tcptraceroute (tcptraceroute) in auto mode.
Setting up manpages (3.40-0.1) ...
Setting up libsqlite3-0:armel (3.7.13-1) ...
Setting up iproute (20120521-2) ...
Setting up libidn11:armel (1.25-2) ...
Setting up libnewt0.52 (0.52.14-10) ...
Setting up net-tools (1.60-24.1) ...
Setting up libpipeline1:armel (1.2.1-1) ...
Setting up bsdmainutils (9.0.3) ...
update-alternatives: using /usr/bin/bsd-write to provide /usr/bin/write (write) in auto mode.
update-alternatives: using /usr/bin/bsd-from to provide /usr/bin/from (from) in auto mode.
Setting up netcat-traditional (1.10-40) ...
update-alternatives: using /bin/nc.traditional to provide /bin/nc (nc) in auto mode.
Setting up debian-archive-keyring (2012.4) ...
Setting up libncursesw5:armel (5.9-8) ...
Setting up info (4.13a.dfsg.1-10) ...
update-alternatives: using /usr/bin/info to provide /usr/bin/infobrowser (infobrowser) in auto mode.
Setting up iputils-ping (3:20101006-1+b1) ...
Setting up aptitude-common (0.6.8-1) ...
Setting up cron (3.0pl1-121) ...
Adding group `crontab' (GID 102) ...
Done.
Starting periodic command scheduler: cron
Warning: Fake start-stop-daemon called, doing nothing
.
Setting up nano (2.2.6-1+b1) ...
update-alternatives: using /bin/nano to provide /usr/bin/editor (editor) in auto mode.
update-alternatives: using /bin/nano to provide /usr/bin/pico (pico) in auto mode.
Setting up libp11-kit0:armel (0.12-3) ...
Setting up udev (175-3.1) ...
A chroot environment has been detected, udev not started.
Setting up rsyslog (5.8.11-1+b1) ...
Starting enhanced syslogd: rsyslogd
Warning: Fake start-stop-daemon called, doing nothing
.
Setting up cpio (2.11-8) ...
update-alternatives: using /bin/mt-gnu to provide /bin/mt (mt) in auto mode.
Setting up libstdc++6:armel (4.7.0-8) ...
Setting up isc-dhcp-client (4.2.2.dfsg.1-5) ...
Setting up vim-tiny (2:7.3.547-1) ...
update-alternatives: using /usr/bin/vim.tiny to provide /usr/bin/rview (rview) in auto mode.
update-alternatives: using /usr/bin/vim.tiny to provide /usr/bin/vi (vi) in auto mode.
update-alternatives: using /usr/bin/vim.tiny to provide /usr/bin/view (view) in auto mode.
update-alternatives: using /usr/bin/vim.tiny to provide /usr/bin/ex (ex) in auto mode.
Setting up readline-common (6.2-8) ...
Setting up libnfnetlink0 (1.0.0-1) ...
Setting up libgcrypt11:armel (1.5.0-3) ...
Setting up procps (1:3.3.2-3) ...
update-alternatives: using /usr/bin/w.procps to provide /usr/bin/w (w) in auto mode.
Setting kernel variables ...done.
Setting up libxapian22 (1.2.10-2) ...
Setting up whiptail (0.52.14-10) ...
Setting up ifupdown (0.7) ...
Creating /etc/network/interfaces.
Setting up kmod (8-2) ...
Setting up libapt-pkg4.12:armel (0.9.6) ...
Setting up libept1.4.12 (1.0.6.1) ...
Setting up libapt-inst1.5:armel (0.9.6) ...
Setting up libreadline6:armel (6.2-8) ...
Setting up logrotate (3.8.1-4) ...
Setting up libboost-iostreams1.49.0 (1.49.0-3) ...
Setting up groff-base (1.21-7) ...
Setting up gnupg (1.4.12-4) ...
Setting up libsigc++-2.0-0c2a (2.2.10-0.1) ...
Setting up libgnutls26:armel (2.12.20-1) ...
Setting up apt-utils (0.9.6) ...
Setting up iptables (1.4.14-2) ...
Setting up man-db (2.6.1-2) ...
Building database of manual pages ...
Setting up apt (0.9.6) ...
gpg: keyring `/etc/apt/trusted.gpg' created
gpg: key B98321F9: "Squeeze Stable Release Key <debian-release@lists.debian.org>" not changed
gpg: key 473041FA: "Debian Archive Automatic Signing Key (6.0/squeeze) <ftpmaster@debian.org>" not changed
gpg: key 65FFB764: "Wheezy Stable Release Key <debian-release@lists.debian.org>" not changed
gpg: key 46925553: "Debian Archive Automatic Signing Key (7.0/wheezy) <ftpmaster@debian.org>" not changed
gpg: Total number processed: 4
gpg:              unchanged: 4
gpg: /etc/apt//trustdb.gpg: trustdb created
Setting up wget (1.13.4-3) ...
Setting up libcwidget3 (0.5.16-3.3) ...
Setting up aptitude (0.6.8-1) ...
update-alternatives: using /usr/bin/aptitude-curses to provide /usr/bin/aptitude (aptitude) in auto mode.
Setting up libswitch-perl (2.16-2) ...
Setting up tasksel-data (3.09) ...
Setting up perl-modules (5.14.2-11) ...
Setting up perl (5.14.2-11) ...
update-alternatives: using /usr/bin/prename to provide /usr/bin/rename (rename) in auto mode.
Setting up tasksel (3.09) ...
