Aug  2 12:01:04 localhost kernel: imklog 5.8.11, log source = /proc/kmsg started.
Aug  2 12:01:04 localhost kernel: min 2), device 253.0
Aug  2 12:01:04 localhost kernel: usbcore: registered new interface driver smsc95xx
Aug  2 12:01:04 localhost kernel: cdc_ncm: 04-Aug-2011
Aug  2 12:01:04 localhost kernel: usbcore: registered new interface driver cdc_ncm
Aug  2 12:01:04 localhost kernel: dwc_otg: version 2.90b 6-MAY-2010 (platform bus)
Aug  2 12:01:04 localhost kernel: Core Release: 2.80a
Aug  2 12:01:04 localhost kernel: Setting default values for core params
Aug  2 12:01:04 localhost kernel: Finished setting default values for core params
Aug  2 12:01:04 localhost kernel: cf840008 -> 1
Aug  2 12:01:04 localhost kernel: Using Buffer DMA mode
Aug  2 12:01:04 localhost kernel: Periodic Transfer Interrupt Enhancement - disabled
Aug  2 12:01:04 localhost kernel: Multiprocessor Interrupt Enhancement - disabled
Aug  2 12:01:04 localhost kernel: dwc_otg bcm2708_usb: DWC OTG Controller
Aug  2 12:01:04 localhost kernel: dwc_otg bcm2708_usb: new USB bus registered, assigned bus number 1
Aug  2 12:01:04 localhost kernel: dwc_otg bcm2708_usb: irq 75, io mem 0x00000000
Aug  2 12:01:04 localhost kernel: Init: Port Power? op_state=1
Aug  2 12:01:04 localhost kernel: Init: Power Port (0)
Aug  2 12:01:04 localhost kernel: usb usb1: New USB device found, idVendor=1d6b, idProduct=0002
Aug  2 12:01:04 localhost kernel: usb usb1: New USB device strings: Mfr=3, Product=2, SerialNumber=1
Aug  2 12:01:04 localhost kernel: usb usb1: Product: DWC OTG Controller
Aug  2 12:01:04 localhost kernel: usb usb1: Manufacturer: Linux 3.1.9-rpitc+ dwc_otg_hcd
Aug  2 12:01:04 localhost kernel: usb usb1: SerialNumber: bcm2708_usb
Aug  2 12:01:04 localhost kernel: hub 1-0:1.0: USB hub found
Aug  2 12:01:04 localhost kernel: hub 1-0:1.0: 1 port detected
Aug  2 12:01:04 localhost kernel: Module dwc_common_port init
Aug  2 12:01:04 localhost kernel: usbcore: registered new interface driver uas
Aug  2 12:01:04 localhost kernel: Initializing USB Mass Storage driver...
Aug  2 12:01:04 localhost kernel: usbcore: registered new interface driver usb-storage
Aug  2 12:01:04 localhost kernel: USB Mass Storage support registered.
Aug  2 12:01:04 localhost kernel: usbcore: registered new interface driver libusual
Aug  2 12:01:04 localhost kernel: mousedev: PS/2 mouse device common for all mice
Aug  2 12:01:04 localhost kernel: cpuidle: using governor ladder
Aug  2 12:01:04 localhost kernel: cpuidle: using governor menu
Aug  2 12:01:04 localhost kernel: sdhci: Secure Digital Host Controller Interface driver
Aug  2 12:01:04 localhost kernel: sdhci: Copyright(c) Pierre Ossman
Aug  2 12:01:04 localhost kernel: bcm_power_open() -> 1
Aug  2 12:01:04 localhost kernel: Registered led device: mmc0::
Aug  2 12:01:04 localhost kernel: mmc0: SDHCI controller on BCM2708_Arasan [platform] using platform's DMA
Aug  2 12:01:04 localhost kernel: mmc0: BCM2708 SDHC host at 0x20300000 DMA 2 IRQ 77
Aug  2 12:01:04 localhost kernel: sdhci-pltfm: SDHCI platform and OF driver helper
Aug  2 12:01:04 localhost kernel: Registered led device: led0
Aug  2 12:01:04 localhost kernel: usbcore: registered new interface driver usbhid
Aug  2 12:01:04 localhost kernel: usbhid: USB HID core driver
Aug  2 12:01:04 localhost kernel: TCP cubic registered
Aug  2 12:01:04 localhost kernel: Initializing XFRM netlink socket
Aug  2 12:01:04 localhost kernel: NET: Registered protocol family 17
Aug  2 12:01:04 localhost kernel: Registering the dns_resolver key type
Aug  2 12:01:04 localhost kernel: VFP support v0.3: implementor 41 architecture 1 part 20 variant b rev 5
Aug  2 12:01:04 localhost kernel: Waiting for root device /dev/mmcblk0p2...
Aug  2 12:01:04 localhost kernel: mmc0: problem reading SD Status register.
Aug  2 12:01:04 localhost kernel: mmc0: new high speed SDHC card at address b368
Aug  2 12:01:04 localhost kernel: mmcblk0: mmc0:b368 LEXAR 14.9 GiB 
Aug  2 12:01:04 localhost kernel: mmcblk0: p1 p2
Aug  2 12:01:04 localhost kernel: EXT4-fs (mmcblk0p2): mounted filesystem with ordered data mode. Opts: (null)
Aug  2 12:01:04 localhost kernel: VFS: Mounted root (ext4 filesystem) on device 179:2.
Aug  2 12:01:04 localhost kernel: devtmpfs: mounted
Aug  2 12:01:04 localhost kernel: Freeing init memory: 112K
Aug  2 12:01:04 localhost kernel: usb 1-1: new high speed USB device number 2 using dwc_otg
Aug  2 12:01:04 localhost kernel: usb 1-1: New USB device found, idVendor=0424, idProduct=9512
Aug  2 12:01:04 localhost kernel: usb 1-1: New USB device strings: Mfr=0, Product=0, SerialNumber=0
Aug  2 12:01:04 localhost kernel: hub 1-1:1.0: USB hub found
Aug  2 12:01:04 localhost kernel: hub 1-1:1.0: 3 ports detected
Aug  2 12:01:04 localhost kernel: usb 1-1.1: new high speed USB device number 3 using dwc_otg
Aug  2 12:01:04 localhost kernel: usb 1-1.1: New USB device found, idVendor=0424, idProduct=ec00
Aug  2 12:01:04 localhost kernel: usb 1-1.1: New USB device strings: Mfr=0, Product=0, SerialNumber=0
Aug  2 12:01:04 localhost kernel: smsc95xx v1.0.4
Aug  2 12:01:04 localhost kernel: smsc95xx 1-1.1:1.0: eth0: register 'smsc95xx' at usb-bcm2708_usb-1.1, smsc95xx USB 2.0 Ethernet, b8:27:eb:c2:49:ab
Aug  2 12:01:04 localhost kernel: usb 1-1.3: new low speed USB device number 4 using dwc_otg
Aug  2 12:01:04 localhost kernel: usb 1-1.3: New USB device found, idVendor=03f0, idProduct=0024
Aug  2 12:01:04 localhost kernel: usb 1-1.3: New USB device strings: Mfr=1, Product=2, SerialNumber=0
Aug  2 12:01:04 localhost kernel: usb 1-1.3: Product: HP Basic USB Keyboard
Aug  2 12:01:04 localhost kernel: usb 1-1.3: Manufacturer: CHICONY
Aug  2 12:01:04 localhost kernel: input: CHICONY HP Basic USB Keyboard as /devices/platform/bcm2708_usb/usb1/1-1/1-1.3/1-1.3:1.0/input/input0
Aug  2 12:01:04 localhost kernel: generic-usb 0003:03F0:0024.0001: input: USB HID v1.10 Keyboard [CHICONY HP Basic USB Keyboard] on usb-bcm2708_usb-1.3/input0
Aug  2 12:01:04 localhost kernel: EXT4-fs (mmcblk0p2): re-mounted. Opts: (null)
Aug  2 12:01:04 localhost kernel: EXT4-fs (mmcblk0p2): re-mounted. Opts: (null)
Aug  2 12:01:04 localhost kernel: ### snd_bcm2835_alsa_probe c039e4a0 ############### PROBING FOR bcm2835 ALSA device (0):(1) ###############
Aug  2 12:01:04 localhost kernel: Creating card...
Aug  2 12:01:04 localhost kernel: Creating device/chip ..
Aug  2 12:01:04 localhost kernel: Adding controls ..
Aug  2 12:01:04 localhost kernel: Registering card ....
Aug  2 12:01:04 localhost kernel: bcm2835 ALSA CARD CREATED!
Aug  2 12:01:04 localhost kernel: ### BCM2835 ALSA driver init OK ### 
Aug  2 12:01:04 localhost kernel: mmc0: missed completion of cmd 18 DMA (512/512 [1]/[1]) - ignoring it
Aug  2 12:01:04 localhost kernel: mmc0: DMA IRQ 6 ignored - results were reset
Aug  2 12:01:06 localhost kernel: NET: Registered protocol family 10
Aug  2 12:01:06 localhost kernel: ADDRCONF(NETDEV_UP): eth0: link is not ready
Aug  2 12:01:08 localhost kernel: ADDRCONF(NETDEV_CHANGE): eth0: link becomes ready
Aug  2 12:01:08 localhost kernel: smsc95xx 1-1.1:1.0: eth0: link up, 100Mbps, full-duplex, lpa 0xC1E1
Aug  2 12:01:18 localhost kernel: eth0: no IPv6 routers present
Aug  2 12:08:12 localhost kernel: imklog 5.8.11, log source = /proc/kmsg started.
Aug  2 12:08:12 localhost kernel: new interface driver cdc_ncm
Aug  2 12:08:12 localhost kernel: dwc_otg: version 2.90b 6-MAY-2010 (platform bus)
Aug  2 12:08:12 localhost kernel: Core Release: 2.80a
Aug  2 12:08:12 localhost kernel: Setting default values for core params
Aug  2 12:08:12 localhost kernel: Finished setting default values for core params
Aug  2 12:08:12 localhost kernel: cf840008 -> 1
Aug  2 12:08:12 localhost kernel: Using Buffer DMA mode
Aug  2 12:08:12 localhost kernel: Periodic Transfer Interrupt Enhancement - disabled
Aug  2 12:08:12 localhost kernel: Multiprocessor Interrupt Enhancement - disabled
Aug  2 12:08:12 localhost kernel: dwc_otg bcm2708_usb: DWC OTG Controller
Aug  2 12:08:12 localhost kernel: dwc_otg bcm2708_usb: new USB bus registered, assigned bus number 1
Aug  2 12:08:12 localhost kernel: dwc_otg bcm2708_usb: irq 75, io mem 0x00000000
Aug  2 12:08:12 localhost kernel: Init: Port Power? op_state=1
Aug  2 12:08:12 localhost kernel: Init: Power Port (0)
Aug  2 12:08:12 localhost kernel: usb usb1: New USB device found, idVendor=1d6b, idProduct=0002
Aug  2 12:08:12 localhost kernel: usb usb1: New USB device strings: Mfr=3, Product=2, SerialNumber=1
Aug  2 12:08:12 localhost kernel: usb usb1: Product: DWC OTG Controller
Aug  2 12:08:12 localhost kernel: usb usb1: Manufacturer: Linux 3.1.9-rpitc+ dwc_otg_hcd
Aug  2 12:08:12 localhost kernel: usb usb1: SerialNumber: bcm2708_usb
Aug  2 12:08:12 localhost kernel: hub 1-0:1.0: USB hub found
Aug  2 12:08:12 localhost kernel: hub 1-0:1.0: 1 port detected
Aug  2 12:08:12 localhost kernel: Module dwc_common_port init
Aug  2 12:08:12 localhost kernel: usbcore: registered new interface driver uas
Aug  2 12:08:12 localhost kernel: Initializing USB Mass Storage driver...
Aug  2 12:08:12 localhost kernel: usbcore: registered new interface driver usb-storage
Aug  2 12:08:12 localhost kernel: USB Mass Storage support registered.
Aug  2 12:08:12 localhost kernel: usbcore: registered new interface driver libusual
Aug  2 12:08:12 localhost kernel: mousedev: PS/2 mouse device common for all mice
Aug  2 12:08:12 localhost kernel: cpuidle: using governor ladder
Aug  2 12:08:12 localhost kernel: cpuidle: using governor menu
Aug  2 12:08:12 localhost kernel: sdhci: Secure Digital Host Controller Interface driver
Aug  2 12:08:12 localhost kernel: sdhci: Copyright(c) Pierre Ossman
Aug  2 12:08:12 localhost kernel: bcm_power_open() -> 1
Aug  2 12:08:12 localhost kernel: Registered led device: mmc0::
Aug  2 12:08:12 localhost kernel: mmc0: SDHCI controller on BCM2708_Arasan [platform] using platform's DMA
Aug  2 12:08:12 localhost kernel: mmc0: BCM2708 SDHC host at 0x20300000 DMA 2 IRQ 77
Aug  2 12:08:12 localhost kernel: sdhci-pltfm: SDHCI platform and OF driver helper
Aug  2 12:08:12 localhost kernel: Registered led device: led0
Aug  2 12:08:12 localhost kernel: usbcore: registered new interface driver usbhid
Aug  2 12:08:12 localhost kernel: usbhid: USB HID core driver
Aug  2 12:08:12 localhost kernel: TCP cubic registered
Aug  2 12:08:12 localhost kernel: Initializing XFRM netlink socket
Aug  2 12:08:12 localhost kernel: NET: Registered protocol family 17
Aug  2 12:08:12 localhost kernel: Registering the dns_resolver key type
Aug  2 12:08:12 localhost kernel: VFP support v0.3: implementor 41 architecture 1 part 20 variant b rev 5
Aug  2 12:08:12 localhost kernel: Waiting for root device /dev/mmcblk0p2...
Aug  2 12:08:12 localhost kernel: mmc0: problem reading SD Status register.
Aug  2 12:08:12 localhost kernel: mmc0: new high speed SDHC card at address b368
Aug  2 12:08:12 localhost kernel: mmcblk0: mmc0:b368 LEXAR 14.9 GiB 
Aug  2 12:08:12 localhost kernel: mmcblk0: p1 p2
Aug  2 12:08:12 localhost kernel: EXT4-fs (mmcblk0p2): mounted filesystem with ordered data mode. Opts: (null)
Aug  2 12:08:12 localhost kernel: VFS: Mounted root (ext4 filesystem) on device 179:2.
Aug  2 12:08:12 localhost kernel: devtmpfs: mounted
Aug  2 12:08:12 localhost kernel: Freeing init memory: 112K
Aug  2 12:08:12 localhost kernel: usb 1-1: new high speed USB device number 2 using dwc_otg
Aug  2 12:08:12 localhost kernel: usb 1-1: New USB device found, idVendor=0424, idProduct=9512
Aug  2 12:08:12 localhost kernel: usb 1-1: New USB device strings: Mfr=0, Product=0, SerialNumber=0
Aug  2 12:08:12 localhost kernel: hub 1-1:1.0: USB hub found
Aug  2 12:08:12 localhost kernel: hub 1-1:1.0: 3 ports detected
Aug  2 12:08:12 localhost kernel: usb 1-1.1: new high speed USB device number 3 using dwc_otg
Aug  2 12:08:12 localhost kernel: usb 1-1.1: New USB device found, idVendor=0424, idProduct=ec00
Aug  2 12:08:12 localhost kernel: usb 1-1.1: New USB device strings: Mfr=0, Product=0, SerialNumber=0
Aug  2 12:08:12 localhost kernel: smsc95xx v1.0.4
Aug  2 12:08:12 localhost kernel: smsc95xx 1-1.1:1.0: eth0: register 'smsc95xx' at usb-bcm2708_usb-1.1, smsc95xx USB 2.0 Ethernet, b8:27:eb:c2:49:ab
Aug  2 12:08:12 localhost kernel: usb 1-1.3: new low speed USB device number 4 using dwc_otg
Aug  2 12:08:12 localhost kernel: usb 1-1.3: New USB device found, idVendor=03f0, idProduct=0024
Aug  2 12:08:12 localhost kernel: usb 1-1.3: New USB device strings: Mfr=1, Product=2, SerialNumber=0
Aug  2 12:08:12 localhost kernel: usb 1-1.3: Product: HP Basic USB Keyboard
Aug  2 12:08:12 localhost kernel: usb 1-1.3: Manufacturer: CHICONY
Aug  2 12:08:12 localhost kernel: input: CHICONY HP Basic USB Keyboard as /devices/platform/bcm2708_usb/usb1/1-1/1-1.3/1-1.3:1.0/input/input0
Aug  2 12:08:12 localhost kernel: generic-usb 0003:03F0:0024.0001: input: USB HID v1.10 Keyboard [CHICONY HP Basic USB Keyboard] on usb-bcm2708_usb-1.3/input0
Aug  2 12:08:12 localhost kernel: EXT4-fs (mmcblk0p2): re-mounted. Opts: (null)
Aug  2 12:08:12 localhost kernel: EXT4-fs (mmcblk0p2): re-mounted. Opts: (null)
Aug  2 12:08:12 localhost kernel: ### snd_bcm2835_alsa_probe c039e4a0 ############### PROBING FOR bcm2835 ALSA device (0):(1) ###############
Aug  2 12:08:12 localhost kernel: Creating card...
Aug  2 12:08:12 localhost kernel: Creating device/chip ..
Aug  2 12:08:12 localhost kernel: Adding controls ..
Aug  2 12:08:12 localhost kernel: Registering card ....
Aug  2 12:08:12 localhost kernel: bcm2835 ALSA CARD CREATED!
Aug  2 12:08:12 localhost kernel: ### BCM2835 ALSA driver init OK ### 
Aug  2 12:08:12 localhost kernel: mmc0: missed completion of cmd 18 DMA (512/512 [1]/[1]) - ignoring it
Aug  2 12:08:12 localhost kernel: mmc0: DMA IRQ 6 ignored - results were reset
Aug  2 12:08:12 localhost kernel: mmc0: missed completion of cmd 18 DMA (512/512 [1]/[1]) - ignoring it
Aug  2 12:08:12 localhost kernel: mmc0: DMA IRQ 6 ignored - results were reset
Aug  2 12:08:14 localhost kernel: NET: Registered protocol family 10
Aug  2 12:08:14 localhost kernel: ADDRCONF(NETDEV_UP): eth0: link is not ready
Aug  2 12:08:15 localhost kernel: ADDRCONF(NETDEV_CHANGE): eth0: link becomes ready
Aug  2 12:08:15 localhost kernel: smsc95xx 1-1.1:1.0: eth0: link up, 100Mbps, full-duplex, lpa 0xC1E1
Aug  2 12:08:25 localhost kernel: eth0: no IPv6 routers present
Aug  7 11:00:34 localhost kernel: imklog 5.8.11, log source = /proc/kmsg started.
Aug  7 11:00:34 localhost kernel: new interface driver cdc_ncm
Aug  7 11:00:34 localhost kernel: dwc_otg: version 2.90b 6-MAY-2010 (platform bus)
Aug  7 11:00:34 localhost kernel: Core Release: 2.80a
Aug  7 11:00:34 localhost kernel: Setting default values for core params
Aug  7 11:00:34 localhost kernel: Finished setting default values for core params
Aug  7 11:00:34 localhost kernel: cf840008 -> 1
Aug  7 11:00:34 localhost kernel: Using Buffer DMA mode
Aug  7 11:00:34 localhost kernel: Periodic Transfer Interrupt Enhancement - disabled
Aug  7 11:00:34 localhost kernel: Multiprocessor Interrupt Enhancement - disabled
Aug  7 11:00:34 localhost kernel: dwc_otg bcm2708_usb: DWC OTG Controller
Aug  7 11:00:34 localhost kernel: dwc_otg bcm2708_usb: new USB bus registered, assigned bus number 1
Aug  7 11:00:34 localhost kernel: dwc_otg bcm2708_usb: irq 75, io mem 0x00000000
Aug  7 11:00:34 localhost kernel: Init: Port Power? op_state=1
Aug  7 11:00:34 localhost kernel: Init: Power Port (0)
Aug  7 11:00:34 localhost kernel: usb usb1: New USB device found, idVendor=1d6b, idProduct=0002
Aug  7 11:00:34 localhost kernel: usb usb1: New USB device strings: Mfr=3, Product=2, SerialNumber=1
Aug  7 11:00:34 localhost kernel: usb usb1: Product: DWC OTG Controller
Aug  7 11:00:34 localhost kernel: usb usb1: Manufacturer: Linux 3.1.9-rpitc+ dwc_otg_hcd
Aug  7 11:00:34 localhost kernel: usb usb1: SerialNumber: bcm2708_usb
Aug  7 11:00:34 localhost kernel: hub 1-0:1.0: USB hub found
Aug  7 11:00:34 localhost kernel: hub 1-0:1.0: 1 port detected
Aug  7 11:00:34 localhost kernel: Module dwc_common_port init
Aug  7 11:00:34 localhost kernel: usbcore: registered new interface driver uas
Aug  7 11:00:34 localhost kernel: Initializing USB Mass Storage driver...
Aug  7 11:00:34 localhost kernel: usbcore: registered new interface driver usb-storage
Aug  7 11:00:34 localhost kernel: USB Mass Storage support registered.
Aug  7 11:00:34 localhost kernel: usbcore: registered new interface driver libusual
Aug  7 11:00:34 localhost kernel: mousedev: PS/2 mouse device common for all mice
Aug  7 11:00:34 localhost kernel: cpuidle: using governor ladder
Aug  7 11:00:34 localhost kernel: cpuidle: using governor menu
Aug  7 11:00:34 localhost kernel: sdhci: Secure Digital Host Controller Interface driver
Aug  7 11:00:34 localhost kernel: sdhci: Copyright(c) Pierre Ossman
Aug  7 11:00:34 localhost kernel: bcm_power_open() -> 1
Aug  7 11:00:34 localhost kernel: Registered led device: mmc0::
Aug  7 11:00:34 localhost kernel: mmc0: SDHCI controller on BCM2708_Arasan [platform] using platform's DMA
Aug  7 11:00:34 localhost kernel: mmc0: BCM2708 SDHC host at 0x20300000 DMA 2 IRQ 77
Aug  7 11:00:34 localhost kernel: sdhci-pltfm: SDHCI platform and OF driver helper
Aug  7 11:00:34 localhost kernel: Registered led device: led0
Aug  7 11:00:34 localhost kernel: usbcore: registered new interface driver usbhid
Aug  7 11:00:34 localhost kernel: usbhid: USB HID core driver
Aug  7 11:00:34 localhost kernel: TCP cubic registered
Aug  7 11:00:34 localhost kernel: Initializing XFRM netlink socket
Aug  7 11:00:34 localhost kernel: NET: Registered protocol family 17
Aug  7 11:00:34 localhost kernel: Registering the dns_resolver key type
Aug  7 11:00:34 localhost kernel: VFP support v0.3: implementor 41 architecture 1 part 20 variant b rev 5
Aug  7 11:00:34 localhost kernel: Waiting for root device /dev/mmcblk0p2...
Aug  7 11:00:34 localhost kernel: mmc0: problem reading SD Status register.
Aug  7 11:00:34 localhost kernel: mmc0: new high speed SDHC card at address b368
Aug  7 11:00:34 localhost kernel: mmcblk0: mmc0:b368 LEXAR 14.9 GiB 
Aug  7 11:00:34 localhost kernel: mmcblk0: p1 p2
Aug  7 11:00:34 localhost kernel: EXT4-fs (mmcblk0p2): mounted filesystem with ordered data mode. Opts: (null)
Aug  7 11:00:34 localhost kernel: VFS: Mounted root (ext4 filesystem) on device 179:2.
Aug  7 11:00:34 localhost kernel: devtmpfs: mounted
Aug  7 11:00:34 localhost kernel: Freeing init memory: 112K
Aug  7 11:00:34 localhost kernel: usb 1-1: new high speed USB device number 2 using dwc_otg
Aug  7 11:00:34 localhost kernel: usb 1-1: New USB device found, idVendor=0424, idProduct=9512
Aug  7 11:00:34 localhost kernel: usb 1-1: New USB device strings: Mfr=0, Product=0, SerialNumber=0
Aug  7 11:00:34 localhost kernel: hub 1-1:1.0: USB hub found
Aug  7 11:00:34 localhost kernel: hub 1-1:1.0: 3 ports detected
Aug  7 11:00:34 localhost kernel: usb 1-1.1: new high speed USB device number 3 using dwc_otg
Aug  7 11:00:34 localhost kernel: usb 1-1.1: New USB device found, idVendor=0424, idProduct=ec00
Aug  7 11:00:34 localhost kernel: usb 1-1.1: New USB device strings: Mfr=0, Product=0, SerialNumber=0
Aug  7 11:00:34 localhost kernel: smsc95xx v1.0.4
Aug  7 11:00:34 localhost kernel: smsc95xx 1-1.1:1.0: eth0: register 'smsc95xx' at usb-bcm2708_usb-1.1, smsc95xx USB 2.0 Ethernet, b8:27:eb:c2:49:ab
Aug  7 11:00:34 localhost kernel: usb 1-1.3: new low speed USB device number 4 using dwc_otg
Aug  7 11:00:34 localhost kernel: usb 1-1.3: New USB device found, idVendor=03f0, idProduct=0024
Aug  7 11:00:34 localhost kernel: usb 1-1.3: New USB device strings: Mfr=1, Product=2, SerialNumber=0
Aug  7 11:00:34 localhost kernel: usb 1-1.3: Product: HP Basic USB Keyboard
Aug  7 11:00:34 localhost kernel: usb 1-1.3: Manufacturer: CHICONY
Aug  7 11:00:34 localhost kernel: input: CHICONY HP Basic USB Keyboard as /devices/platform/bcm2708_usb/usb1/1-1/1-1.3/1-1.3:1.0/input/input0
Aug  7 11:00:34 localhost kernel: generic-usb 0003:03F0:0024.0001: input: USB HID v1.10 Keyboard [CHICONY HP Basic USB Keyboard] on usb-bcm2708_usb-1.3/input0
Aug  7 11:00:34 localhost kernel: EXT4-fs (mmcblk0p2): re-mounted. Opts: (null)
Aug  7 11:00:34 localhost kernel: EXT4-fs (mmcblk0p2): re-mounted. Opts: (null)
Aug  7 11:00:34 localhost kernel: ### snd_bcm2835_alsa_probe c039e4a0 ############### PROBING FOR bcm2835 ALSA device (0):(1) ###############
Aug  7 11:00:34 localhost kernel: Creating card...
Aug  7 11:00:34 localhost kernel: Creating device/chip ..
Aug  7 11:00:34 localhost kernel: Adding controls ..
Aug  7 11:00:34 localhost kernel: Registering card ....
Aug  7 11:00:34 localhost kernel: bcm2835 ALSA CARD CREATED!
Aug  7 11:00:34 localhost kernel: ### BCM2835 ALSA driver init OK ### 
Aug  7 11:00:34 localhost kernel: mmc0: missed completion of cmd 18 DMA (512/512 [1]/[1]) - ignoring it
Aug  7 11:00:34 localhost kernel: mmc0: DMA IRQ 6 ignored - results were reset
Aug  7 11:00:34 localhost kernel: mmc0: missed completion of cmd 18 DMA (512/512 [1]/[1]) - ignoring it
Aug  7 11:00:34 localhost kernel: mmc0: DMA IRQ 6 ignored - results were reset
Aug  7 11:00:36 localhost kernel: NET: Registered protocol family 10
Aug  7 11:00:36 localhost kernel: ADDRCONF(NETDEV_UP): eth0: link is not ready
Aug  7 11:00:37 localhost kernel: ADDRCONF(NETDEV_CHANGE): eth0: link becomes ready
Aug  7 11:00:37 localhost kernel: smsc95xx 1-1.1:1.0: eth0: link up, 100Mbps, full-duplex, lpa 0xC1E1
Aug  7 11:00:48 localhost kernel: eth0: no IPv6 routers present
