[    46.679] 
X.Org X Server 1.12.1.902 (1.12.2 RC 2)
Release Date: 2012-05-19
[    46.701] X Protocol Version 11, Revision 0
[    46.708] Build Operating System: Linux 2.6.32 armv5tel Debian
[    46.716] Current Operating System: Linux rpitc 3.1.9-rpitc+ #4 PREEMPT Wed Aug 1 22:50:49 CEST 2012 armv6l
[    46.716] Kernel command line: dma.dmachans=0x3c bcm2708_fb.fbwidth=1280 bcm2708_fb.fbheight=1024 bcm2708.boardrev=0x2 bcm2708.serial=0x4c249ab smsc95xx.macaddr=B8:27:EB:C2:49:AB dwc_otg.lpm_enable=0 console=ttyAMA0,115200 kgdboc=ttyAMA0,115200 console=tty1 root=/dev/mmcblk0p2 rootfstype=ext4 rootwait
[    46.741] Build Date: 21 May 2012  05:22:58AM
[    46.749] xorg-server 2:1.12.1.902-1 (Cyril Brulebois <kibi@debian.org>) 
[    46.757] Current version of pixman: 0.26.0
[    46.772] 	Before reporting problems, check http://wiki.x.org
	to make sure that you have the latest version.
[    46.773] Markers: (--) probed, (**) from config file, (==) default setting,
	(++) from command line, (!!) notice, (II) informational,
	(WW) warning, (EE) error, (NI) not implemented, (??) unknown.
[    46.806] (==) Log file: "/var/log/Xorg.0.log", Time: Thu Aug  2 11:58:51 2012
[    46.828] (==) Using system config directory "/usr/share/X11/xorg.conf.d"
[    46.832] (==) No Layout section.  Using the first Screen section.
[    46.833] (==) No screen section available. Using defaults.
[    46.833] (**) |-->Screen "Default Screen Section" (0)
[    46.833] (**) |   |-->Monitor "<default monitor>"
[    46.841] (==) No monitor specified for screen "Default Screen Section".
	Using a default monitor configuration.
[    46.841] (==) Automatically adding devices
[    46.842] (==) Automatically enabling devices
[    46.867] (WW) The directory "/usr/share/fonts/X11/cyrillic" does not exist.
[    46.867] 	Entry deleted from font path.
[    46.873] (WW) The directory "/var/lib/defoma/x-ttcidfont-conf.d/dirs/TrueType" does not exist.
[    46.873] 	Entry deleted from font path.
[    46.873] (==) FontPath set to:
	/usr/share/fonts/X11/misc,
	/usr/share/fonts/X11/100dpi/:unscaled,
	/usr/share/fonts/X11/75dpi/:unscaled,
	/usr/share/fonts/X11/Type1,
	/usr/share/fonts/X11/100dpi,
	/usr/share/fonts/X11/75dpi,
	built-ins
[    46.873] (==) ModulePath set to "/usr/lib/xorg/modules"
[    46.874] (II) The server relies on udev to provide the list of input devices.
	If no devices become available, reconfigure udev or disable AutoAddDevices.
[    46.874] (II) Loader magic: 0x402b6cf0
[    46.874] (II) Module ABI versions:
[    46.874] 	X.Org ANSI C Emulation: 0.4
[    46.874] 	X.Org Video Driver: 12.0
[    46.874] 	X.Org XInput driver : 16.0
[    46.875] 	X.Org Server Extension : 6.0
[    46.875] (II) LoadModule: "extmod"
[    46.885] (II) Loading /usr/lib/xorg/modules/extensions/libextmod.so
[    46.898] (II) Module extmod: vendor="X.Org Foundation"
[    46.899] 	compiled for 1.12.1.902, module version = 1.0.0
[    46.899] 	Module class: X.Org Server Extension
[    46.899] 	ABI class: X.Org Server Extension, version 6.0
[    46.899] (II) Loading extension SELinux
[    46.900] (II) Loading extension MIT-SCREEN-SAVER
[    46.900] (II) Loading extension XFree86-VidModeExtension
[    46.900] (II) Loading extension XFree86-DGA
[    46.900] (II) Loading extension DPMS
[    46.900] (II) Loading extension XVideo
[    46.901] (II) Loading extension XVideo-MotionCompensation
[    46.901] (II) Loading extension X-Resource
[    46.901] (II) LoadModule: "dbe"
[    46.903] (II) Loading /usr/lib/xorg/modules/extensions/libdbe.so
[    46.907] (II) Module dbe: vendor="X.Org Foundation"
[    46.907] 	compiled for 1.12.1.902, module version = 1.0.0
[    46.908] 	Module class: X.Org Server Extension
[    46.908] 	ABI class: X.Org Server Extension, version 6.0
[    46.908] (II) Loading extension DOUBLE-BUFFER
[    46.908] (II) LoadModule: "glx"
[    46.911] (II) Loading /usr/lib/xorg/modules/extensions/libglx.so
[    46.932] (II) Module glx: vendor="X.Org Foundation"
[    46.933] 	compiled for 1.12.1.902, module version = 1.0.0
[    46.933] 	ABI class: X.Org Server Extension, version 6.0
[    46.934] (==) AIGLX enabled
[    46.934] (II) Loading extension GLX
[    46.934] (II) LoadModule: "record"
[    46.937] (II) Loading /usr/lib/xorg/modules/extensions/librecord.so
[    46.942] (II) Module record: vendor="X.Org Foundation"
[    46.942] 	compiled for 1.12.1.902, module version = 1.13.0
[    46.942] 	Module class: X.Org Server Extension
[    46.942] 	ABI class: X.Org Server Extension, version 6.0
[    46.943] (II) Loading extension RECORD
[    46.943] (II) LoadModule: "dri"
[    46.945] (II) Loading /usr/lib/xorg/modules/extensions/libdri.so
[    46.956] (II) Module dri: vendor="X.Org Foundation"
[    46.956] 	compiled for 1.12.1.902, module version = 1.0.0
[    46.956] 	ABI class: X.Org Server Extension, version 6.0
[    46.957] (II) Loading extension XFree86-DRI
[    46.957] (II) LoadModule: "dri2"
[    46.959] (II) Loading /usr/lib/xorg/modules/extensions/libdri2.so
[    46.964] (II) Module dri2: vendor="X.Org Foundation"
[    46.964] 	compiled for 1.12.1.902, module version = 1.2.0
[    46.965] 	ABI class: X.Org Server Extension, version 6.0
[    46.965] (II) Loading extension DRI2
[    46.965] (==) Matched fbdev as autoconfigured driver 0
[    46.965] (==) Assigned the driver to the xf86ConfigLayout
[    46.965] (II) LoadModule: "fbdev"
[    46.967] (II) Loading /usr/lib/xorg/modules/drivers/fbdev_drv.so
[    46.970] (II) Module fbdev: vendor="X.Org Foundation"
[    46.971] 	compiled for 1.12.1, module version = 0.4.2
[    46.971] 	ABI class: X.Org Video Driver, version 12.0
[    46.971] (II) FBDEV: driver for framebuffer: fbdev
[    46.972] (--) using VT number 3

[    47.001] (WW) Falling back to old probe method for fbdev
[    47.002] (II) Loading sub module "fbdevhw"
[    47.002] (II) LoadModule: "fbdevhw"
[    47.004] (II) Loading /usr/lib/xorg/modules/libfbdevhw.so
[    47.008] (II) Module fbdevhw: vendor="X.Org Foundation"
[    47.008] 	compiled for 1.12.1.902, module version = 0.0.2
[    47.008] 	ABI class: X.Org Video Driver, version 12.0
[    47.009] (II) FBDEV(0): using default device
[    47.009] (WW) VGA arbiter: cannot open kernel arbiter, no multi-card support
[    47.010] (II) FBDEV(0): Creating default Display subsection in Screen section
	"Default Screen Section" for depth/fbbpp 16/16
[    47.010] (==) FBDEV(0): Depth 16, (==) framebuffer bpp 16
[    47.011] (==) FBDEV(0): RGB weight 565
[    47.011] (==) FBDEV(0): Default visual is TrueColor
[    47.011] (==) FBDEV(0): Using gamma correction (1.0, 1.0, 1.0)
[    47.011] (II) FBDEV(0): hardware: BCM2708 FB (video memory: 2560kB)
[    47.012] (II) FBDEV(0): checking modes against framebuffer device...
[    47.012] (II) FBDEV(0): checking modes against monitor...
[    47.014] (--) FBDEV(0): Virtual size is 1280x1024 (pitch 1280)
[    47.014] (**) FBDEV(0):  Built-in mode "current"
[    47.014] (==) FBDEV(0): DPI set to (96, 96)
[    47.014] (II) Loading sub module "fb"
[    47.015] (II) LoadModule: "fb"
[    47.015] (II) Loading /usr/lib/xorg/modules/libfb.so
[    47.026] (II) Module fb: vendor="X.Org Foundation"
[    47.026] 	compiled for 1.12.1.902, module version = 1.0.0
[    47.026] 	ABI class: X.Org ANSI C Emulation, version 0.4
[    47.027] (**) FBDEV(0): using shadow framebuffer
[    47.027] (II) Loading sub module "shadow"
[    47.027] (II) LoadModule: "shadow"
[    47.028] (II) Loading /usr/lib/xorg/modules/libshadow.so
[    47.033] (II) Module shadow: vendor="X.Org Foundation"
[    47.033] 	compiled for 1.12.1.902, module version = 1.1.0
[    47.033] 	ABI class: X.Org ANSI C Emulation, version 0.4
[    47.034] (EE) FBDEV(0): FBIOBLANK: Operation not permitted
[    47.060] (==) FBDEV(0): Backing store disabled
[    47.062] (==) FBDEV(0): DPMS enabled
[    47.062] (==) RandR enabled
[    47.063] (II) Initializing built-in extension Generic Event Extension
[    47.063] (II) Initializing built-in extension SHAPE
[    47.063] (II) Initializing built-in extension MIT-SHM
[    47.063] (II) Initializing built-in extension XInputExtension
[    47.063] (II) Initializing built-in extension XTEST
[    47.064] (II) Initializing built-in extension BIG-REQUESTS
[    47.064] (II) Initializing built-in extension SYNC
[    47.064] (II) Initializing built-in extension XKEYBOARD
[    47.064] (II) Initializing built-in extension XC-MISC
[    47.064] (II) Initializing built-in extension SECURITY
[    47.064] (II) Initializing built-in extension XINERAMA
[    47.065] (II) Initializing built-in extension XFIXES
[    47.065] (II) Initializing built-in extension RENDER
[    47.065] (II) Initializing built-in extension RANDR
[    47.065] (II) Initializing built-in extension COMPOSITE
[    47.065] (II) Initializing built-in extension DAMAGE
[    47.066] (II) SELinux: Disabled on system
[    47.173] (II) AIGLX: Screen 0 is not DRI2 capable
[    47.174] (II) AIGLX: Screen 0 is not DRI capable
[    47.295] (II) AIGLX: Loaded and initialized swrast
[    47.296] (II) GLX: Initialized DRISWRAST GL provider for screen 0
[    48.127] (II) config/udev: Adding input device CHICONY HP Basic USB Keyboard (/dev/input/event0)
[    48.127] (**) CHICONY HP Basic USB Keyboard: Applying InputClass "evdev keyboard catchall"
[    48.127] (II) LoadModule: "evdev"
[    48.131] (II) Loading /usr/lib/xorg/modules/input/evdev_drv.so
[    48.137] (II) Module evdev: vendor="X.Org Foundation"
[    48.137] 	compiled for 1.12.1, module version = 2.7.0
[    48.137] 	Module class: X.Org XInput Driver
[    48.137] 	ABI class: X.Org XInput driver, version 16.0
[    48.138] (II) Using input driver 'evdev' for 'CHICONY HP Basic USB Keyboard'
[    48.138] (**) CHICONY HP Basic USB Keyboard: always reports core events
[    48.138] (**) evdev: CHICONY HP Basic USB Keyboard: Device: "/dev/input/event0"
[    48.139] (--) evdev: CHICONY HP Basic USB Keyboard: Vendor 0x3f0 Product 0x24
[    48.139] (--) evdev: CHICONY HP Basic USB Keyboard: Found keys
[    48.139] (II) evdev: CHICONY HP Basic USB Keyboard: Configuring as keyboard
[    48.139] (**) Option "config_info" "udev:/sys/devices/platform/bcm2708_usb/usb1/1-1/1-1.3/1-1.3:1.0/input/input0/event0"
[    48.140] (II) XINPUT: Adding extended input device "CHICONY HP Basic USB Keyboard" (type: KEYBOARD, id 6)
[    48.140] (**) Option "xkb_rules" "evdev"
[    48.141] (**) Option "xkb_model" "pc105"
[    48.141] (**) Option "xkb_layout" "us"
[    48.200] (EE) FBDEV(0): FBIOBLANK: Operation not permitted
[   152.665] (II) evdev: CHICONY HP Basic USB Keyboard: Close
[   152.666] (II) UnloadModule: "evdev"
[   152.773] Server terminated successfully (0). Closing log file.
